// finds act, scene and speaker of famous
// line "Et tu, Brute! Then fall, Caesar."
// should return
//
//  <result>
//    <who>CAESAR</who>
//    <when><act>ACT III</act>
//          <scene>SCENE I.  Rome. Before the Capitol; the Senate sitting above.
//          </scene>
//    </when>
// </result>
//
//

<result>{
for $a in document("j_caesar.xml")//ACT,
    $sc in $a//SCENE,
    $sp in $sc/SPEECH
where $sp/LINE/text() = "Et tu, Brute! Then fall, Caesar."
return <who>{$sp/SPEAKER/text()}</who>,
       <when>{<act>{$a/title/text()}</act>,
             <scene>{$sc/title/text()}</scene>}
       </when>
}</result>