#
# A fatal error has been detected by the Java Runtime Environment:
#
#  SIGSEGV (0xb) at pc=0x000000010461e2c8, pid=738, tid=17411
#
# JRE version: Java(TM) SE Runtime Environment (8.0_77-b03) (build 1.8.0_77-b03)
# Java VM: Java HotSpot(TM) 64-Bit Server VM (25.77-b03 mixed mode bsd-amd64 compressed oops)
# Problematic frame:
# V  [libjvm.dylib+0x4462c8]  Method::checked_resolve_jmethod_id(_jmethodID*)+0xe
#
# Failed to write core dump. Core dumps have been disabled. To enable core dumping, try "ulimit -c unlimited" before starting Java again
#
# If you would like to submit a bug report, please visit:
#   http://bugreport.java.com/bugreport/crash.jsp
#

---------------  T H R E A D  ---------------

Current thread (0x00007fef1b003000):  JavaThread "JDWP Transport Listener: dt_socket" daemon [_thread_in_vm, id=17411, stack(0x0000700000bbe000,0x0000700000cbe000)]

siginfo: si_signo: 11 (SIGSEGV), si_code: 0 (unknown), si_addr: 0x0000000000000000

Registers:
RAX=0x0000000000000001, RBX=0x0000700000cbda8b, RCX=0x00000001049ed340, RDX=0x0000700000cbda8b
RSP=0x0000700000cbd9d0, RBP=0x0000700000cbd9e0, RSI=0x00007fef1b003000, RDI=0x0002000000000000
R8 =0x0000000000000004, R9 =0x0000000000000000, R10=0x0000000000000005, R11=0x00007fef19d00000
R12=0x00007fef1b003000, R13=0x0002000000000000, R14=0x0002000000000000, R15=0x00007fef19e01970
RIP=0x000000010461e2c8, EFLAGS=0x0000000000010206, ERR=0x0000000000000000
  TRAPNO=0x000000000000000d

Top of Stack: (sp=0x0000700000cbd9d0)
0x0000700000cbd9d0:   0000700000cbda8b 0000700000cbda8b
0x0000700000cbd9e0:   0000700000cbda40 000000010452d2fe
0x0000700000cbd9f0:   00007fef1b003000 0000000000000000
0x0000700000cbda00:   0000000000000000 0000000000000000
0x0000700000cbda10:   00007fef1b003000 00007fef1b003000
0x0000700000cbda20:   0000700000cbda8b 0000700000cbda90
0x0000700000cbda30:   0002000000000000 0000000000000003
0x0000700000cbda40:   0000700000cbda60 00000001051cb780
0x0000700000cbda50:   0000000000000001 0000700000cbdb08
0x0000700000cbda60:   0000700000cbdad0 00000001051b01f3
0x0000700000cbda70:   0000700000cbdaa0 00007fef19d5bbc0
0x0000700000cbda80:   0000000400000032 0000000900cbdb08
0x0000700000cbda90:   0000000000000000 0000000000000000
0x0000700000cbdaa0:   0000000000000000 0000700000cbdc90
0x0000700000cbdab0:   00000001051d2e7a 00007fef19f3ba60
0x0000700000cbdac0:   0000700000cbdb08 00000001051de598
0x0000700000cbdad0:   0000700000cbdae0 00000001051b02ec
0x0000700000cbdae0:   0000700000cbdd00 00000001051b9898
0x0000700000cbdaf0:   0001d32500000013 00000000000f0200
0x0000700000cbdb00:   00007fef19f3e3d0 00007fef19d5db57
0x0000700000cbdb10:   00007fef000001a1 00007fef19d5c6f0
0x0000700000cbdb20:   00007fef0000012c 0000700000cbdb58
0x0000700000cbdb30:   00007fef19d5c6f0 0000000000000000
0x0000700000cbdb40:   0001d3250000000f 0000000000000080
0x0000700000cbdb50:   0000700000cbdb58 ef7f000004000000
0x0000700000cbdb60:   08000000d0f2e219 6d656c45656b616d
0x0000700000cbdb70:   726f4c2856000000 6f642f6333772f67
0x0000700000cbdb80:   656d75636f442f6d 6176616a4c3b746e
0x0000700000cbdb90:   74532f676e616c2f 616a4c3b676e6972
0x0000700000cbdba0:   2f6c6974752f6176 694c64656b6e694c
0x0000700000cbdbb0:   76616a4c293b7473 4c2f6c6974752f61
0x0000700000cbdbc0:   73694c64656b6e69 4c287e0000003b74 

Instructions: (pc=0x000000010461e2c8)
0x000000010461e2a8:   40 48 48 85 c0 75 e0 30 c0 0f b6 c0 5d c3 31 c0
0x000000010461e2b8:   5d c3 55 48 89 e5 53 48 83 ec 08 48 85 ff 74 24
0x000000010461e2c8:   48 8b 1f 48 85 db 74 1c 48 83 fb 37 74 16 48 8b
0x000000010461e2d8:   03 48 89 df ff 50 10 84 c0 b8 00 00 00 00 48 0f 

Register to memory mapping:

RAX=0x0000000000000001 is an unknown value
RBX=0x0000700000cbda8b is pointing into the stack for thread: 0x00007fef1b003000
RCX=0x00000001049ed340: UseMembar+0 in /Library/Java/JavaVirtualMachines/jdk1.8.0_77.jdk/Contents/Home/jre/lib/server/libjvm.dylib at 0x00000001041d8000
RDX=0x0000700000cbda8b is pointing into the stack for thread: 0x00007fef1b003000
RSP=0x0000700000cbd9d0 is pointing into the stack for thread: 0x00007fef1b003000
RBP=0x0000700000cbd9e0 is pointing into the stack for thread: 0x00007fef1b003000
RSI=0x00007fef1b003000 is a thread
RDI=0x0002000000000000 is an unknown value
R8 =0x0000000000000004 is an unknown value
R9 =0x0000000000000000 is an unknown value
R10=0x0000000000000005 is an unknown value
R11=0x00007fef19d00000 is an unknown value
R12=0x00007fef1b003000 is a thread
R13=0x0002000000000000 is an unknown value
R14=0x0002000000000000 is an unknown value
R15=0x00007fef19e01970 is an unknown value


Stack: [0x0000700000bbe000,0x0000700000cbe000],  sp=0x0000700000cbd9d0,  free space=1022k
Native frames: (J=compiled Java code, j=interpreted, Vv=VM code, C=native code)
V  [libjvm.dylib+0x4462c8]  Method::checked_resolve_jmethod_id(_jmethodID*)+0xe
V  [libjvm.dylib+0x3552fe]  jvmti_IsMethodSynthetic+0xb2
C  [libjdwp.dylib+0x20780]  isMethodSynthetic+0x63
C  [libjdwp.dylib+0x51f3]  methods1+0x10b
C  [libjdwp.dylib+0x52ec]  methodsWithGeneric+0xe
C  [libjdwp.dylib+0xe898]  debugLoop_run+0x1ce
C  [libjdwp.dylib+0x1f6ba]  attachThread+0x4d
V  [libjvm.dylib+0x39665c]  JvmtiAgentThread::call_start_function()+0x38
V  [libjvm.dylib+0x560e03]  JavaThread::thread_main_inner()+0x9b
V  [libjvm.dylib+0x5624fe]  JavaThread::run()+0x1c2
V  [libjvm.dylib+0x482eda]  java_start(Thread*)+0xf6
C  [libsystem_pthread.dylib+0x399d]  _pthread_body+0x83
C  [libsystem_pthread.dylib+0x391a]  _pthread_body+0x0
C  [libsystem_pthread.dylib+0x1351]  thread_start+0xd
C  0x0000000000000000


---------------  P R O C E S S  ---------------

Java Threads: ( => current thread )
  0x00007fef1a043000 JavaThread "Service Thread" daemon [_thread_blocked, id=20483, stack(0x00007000011d0000,0x00007000012d0000)]
  0x00007fef1b031000 JavaThread "C1 CompilerThread2" daemon [_thread_blocked, id=19971, stack(0x00007000010cd000,0x00007000011cd000)]
  0x00007fef1b030000 JavaThread "C2 CompilerThread1" daemon [_thread_blocked, id=19459, stack(0x0000700000fca000,0x00007000010ca000)]
  0x00007fef1b848000 JavaThread "C2 CompilerThread0" daemon [_thread_blocked, id=18947, stack(0x0000700000ec7000,0x0000700000fc7000)]
  0x00007fef1a84f000 JavaThread "JDWP Command Reader" daemon [_thread_in_native, id=18435, stack(0x0000700000dc4000,0x0000700000ec4000)]
  0x00007fef1b021000 JavaThread "JDWP Event Helper Thread" daemon [_thread_blocked, id=17923, stack(0x0000700000cc1000,0x0000700000dc1000)]
=>0x00007fef1b003000 JavaThread "JDWP Transport Listener: dt_socket" daemon [_thread_in_vm, id=17411, stack(0x0000700000bbe000,0x0000700000cbe000)]
  0x00007fef1a849000 JavaThread "Signal Dispatcher" daemon [_thread_blocked, id=16667, stack(0x0000700000abb000,0x0000700000bbb000)]
  0x00007fef1b01e800 JavaThread "Finalizer" daemon [_thread_blocked, id=11779, stack(0x000070000082f000,0x000070000092f000)]
  0x00007fef1a841000 JavaThread "Reference Handler" daemon [_thread_blocked, id=11267, stack(0x000070000072c000,0x000070000082c000)]
  0x00007fef1b800000 JavaThread "main" [_thread_blocked, id=4099, stack(0x0000700000084000,0x0000700000184000)]

Other Threads:
  0x00007fef1a025800 VMThread [stack: 0x0000700000629000,0x0000700000729000] [id=10755]
  0x00007fef1a84b800 WatcherThread [stack: 0x00007000012d3000,0x00007000013d3000] [id=20995]

VM state:not at safepoint (normal execution)

VM Mutex/Monitor currently owned by a thread: None

Heap:
 PSYoungGen      total 38400K, used 15322K [0x0000000795580000, 0x0000000798000000, 0x00000007c0000000)
  eden space 33280K, 46% used [0x0000000795580000,0x0000000796476930,0x0000000797600000)
  from space 5120K, 0% used [0x0000000797b00000,0x0000000797b00000,0x0000000798000000)
  to   space 5120K, 0% used [0x0000000797600000,0x0000000797600000,0x0000000797b00000)
 ParOldGen       total 87552K, used 0K [0x0000000740000000, 0x0000000745580000, 0x0000000795580000)
  object space 87552K, 0% used [0x0000000740000000,0x0000000740000000,0x0000000745580000)
 Metaspace       used 6073K, capacity 6192K, committed 6400K, reserved 1056768K
  class space    used 683K, capacity 720K, committed 768K, reserved 1048576K

Card table byte_map: [0x0000000114e00000,0x0000000115201000] byte_map_base: 0x0000000111400000

Marking Bits: (ParMarkBitMap*) 0x0000000104abbea0
 Begin Bits: [0x00000001154ac000, 0x00000001174ac000)
 End Bits:   [0x00000001174ac000, 0x00000001194ac000)

Polling page: 0x00000001051aa000

CodeCache: size=245760Kb used=2812Kb max_used=2831Kb free=242947Kb
 bounds [0x000000010520c000, 0x00000001054dc000, 0x000000011420c000]
 total_blobs=892 nmethods=629 adapters=185
 compilation: enabled

Compilation events (10 events):
Event: 1.408 Thread 0x00007fef1b848000 nmethod 627 0x00000001054b39d0 code [0x00000001054b3b40, 0x00000001054b3e38]
Event: 1.409 Thread 0x00007fef1b848000  624       4       org.antlr.v4.runtime.ParserRuleContext::getChildCount (21 bytes)
Event: 1.413 Thread 0x00007fef1b848000 nmethod 624 0x00000001054ad050 code [0x00000001054ad1a0, 0x00000001054ad258]
Event: 1.413 Thread 0x00007fef1b848000  616       4       com.sun.org.apache.xerces.internal.dom.NodeImpl::needsSyncData (15 bytes)
Event: 1.414 Thread 0x00007fef1b848000 nmethod 616 0x00000001054b9450 code [0x00000001054b95a0, 0x00000001054b9618]
Event: 1.734 Thread 0x00007fef1b030000 nmethod 628 0x00000001054cc510 code [0x00000001054cc920, 0x00000001054d0548]
Event: 28.540 Thread 0x00007fef1b031000  629       3       java.lang.AbstractStringBuilder::append (50 bytes)
Event: 28.542 Thread 0x00007fef1b031000 nmethod 629 0x00000001054b4d90 code [0x00000001054b4f40, 0x00000001054b5468]
Event: 1158.918 Thread 0x00007fef1b031000  630       3       java.util.regex.Pattern::has (15 bytes)
Event: 1158.919 Thread 0x00007fef1b031000 nmethod 630 0x00000001054b4810 code [0x00000001054b4980, 0x00000001054b4b30]

GC Heap History (0 events):
No events

Deoptimization events (10 events):
Event: 0.476 Thread 0x00007fef1b800000 Uncommon trap: reason=unstable_if action=reinterpret pc=0x000000010534595c method=java.lang.String.indexOf(II)I @ 49
Event: 0.816 Thread 0x00007fef1b800000 Uncommon trap: reason=unstable_if action=reinterpret pc=0x0000000105388f58 method=java.lang.String.indexOf([CII[CIII)I @ 123
Event: 0.816 Thread 0x00007fef1b800000 Uncommon trap: reason=unstable_if action=reinterpret pc=0x000000010537510c method=java.lang.String.indexOf([CII[CIII)I @ 123
Event: 0.820 Thread 0x00007fef1b800000 Uncommon trap: reason=unstable_if action=reinterpret pc=0x000000010537afd4 method=sun.misc.URLClassPath.getLoader(I)Lsun/misc/URLClassPath$Loader; @ 36
Event: 0.820 Thread 0x00007fef1b800000 Uncommon trap: reason=unstable_if action=reinterpret pc=0x000000010538c2f8 method=sun.misc.MetaIndex.mayContain(Ljava/lang/String;)Z @ 13
Event: 1.268 Thread 0x00007fef1b800000 Uncommon trap: reason=class_check action=maybe_recompile pc=0x000000010544626c method=com.sun.org.apache.xerces.internal.impl.XMLDocumentScannerImpl.next()I @ 4
Event: 1.268 Thread 0x00007fef1b800000 Uncommon trap: reason=unstable_if action=reinterpret pc=0x000000010545e9e8 method=com.sun.org.apache.xerces.internal.impl.XMLEntityScanner.skipSpaces()Z @ 54
Event: 1.321 Thread 0x00007fef1b800000 Uncommon trap: reason=unstable_if action=reinterpret pc=0x00000001054602d4 method=com.sun.org.apache.xerces.internal.dom.DeferredDocumentImpl.clearChunkIndex([[III)I @ 3
Event: 1.361 Thread 0x00007fef1b800000 Uncommon trap: reason=unstable_if action=reinterpret pc=0x00000001054a4d50 method=java.util.LinkedList.node(I)Ljava/util/LinkedList$Node; @ 49
Event: 1.572 Thread 0x00007fef1b800000 Uncommon trap: reason=unstable_if action=reinterpret pc=0x00000001054b356c method=java.lang.AbstractStringBuilder.append(Ljava/lang/String;)Ljava/lang/AbstractStringBuilder; @ 1

Internal exceptions (10 events):
Event: 0.249 Thread 0x00007fef1b800000 Exception <a 'java/security/PrivilegedActionException'> (0x00000007957894d0) thrown at [/Users/java_re/workspace/8-2-build-macosx-x86_64/jdk8u77/6540/hotspot/src/share/vm/prims/jvm.cpp, line 1386]
Event: 0.251 Thread 0x00007fef1b800000 Exception <a 'java/util/zip/ZipException'> (0x000000079579ac90) thrown at [/Users/java_re/workspace/8-2-build-macosx-x86_64/jdk8u77/6540/hotspot/src/share/vm/prims/jni.cpp, line 709]
Event: 0.251 Thread 0x00007fef1b800000 Exception <a 'java/security/PrivilegedActionException'> (0x000000079579ae98) thrown at [/Users/java_re/workspace/8-2-build-macosx-x86_64/jdk8u77/6540/hotspot/src/share/vm/prims/jvm.cpp, line 1386]
Event: 0.251 Thread 0x00007fef1b800000 Exception <a 'java/security/PrivilegedActionException'> (0x000000079579b0a8) thrown at [/Users/java_re/workspace/8-2-build-macosx-x86_64/jdk8u77/6540/hotspot/src/share/vm/prims/jvm.cpp, line 1386]
Event: 0.820 Thread 0x00007fef1b800000 Exception <a 'java/security/PrivilegedActionException'> (0x0000000795dcce40) thrown at [/Users/java_re/workspace/8-2-build-macosx-x86_64/jdk8u77/6540/hotspot/src/share/vm/prims/jvm.cpp, line 1386]
Event: 0.820 Thread 0x00007fef1b800000 Exception <a 'java/security/PrivilegedActionException'> (0x0000000795dcd050) thrown at [/Users/java_re/workspace/8-2-build-macosx-x86_64/jdk8u77/6540/hotspot/src/share/vm/prims/jvm.cpp, line 1386]
Event: 0.822 Thread 0x00007fef1b800000 Exception <a 'java/security/PrivilegedActionException'> (0x0000000795dd02f0) thrown at [/Users/java_re/workspace/8-2-build-macosx-x86_64/jdk8u77/6540/hotspot/src/share/vm/prims/jvm.cpp, line 1386]
Event: 0.822 Thread 0x00007fef1b800000 Exception <a 'java/security/PrivilegedActionException'> (0x0000000795dd0500) thrown at [/Users/java_re/workspace/8-2-build-macosx-x86_64/jdk8u77/6540/hotspot/src/share/vm/prims/jvm.cpp, line 1386]
Event: 1.321 Thread 0x00007fef1b800000 Implicit null exception at 0x00000001054601a5 to 0x00000001054602b5
Event: 1.572 Thread 0x00007fef1b800000 Implicit null exception at 0x00000001054b3074 to 0x00000001054b3555

Events (10 events):
Event: 3004.727 Executing VM operation: ChangeBreakpoints
Event: 3004.728 Executing VM operation: ChangeBreakpoints done
Event: 3004.730 Executing VM operation: ChangeBreakpoints
Event: 3004.731 Executing VM operation: ChangeBreakpoints done
Event: 3004.733 Executing VM operation: ChangeBreakpoints
Event: 3004.733 Executing VM operation: ChangeBreakpoints done
Event: 3004.735 Executing VM operation: ChangeBreakpoints
Event: 3004.735 Executing VM operation: ChangeBreakpoints done
Event: 3004.738 Executing VM operation: ChangeBreakpoints
Event: 3004.739 Executing VM operation: ChangeBreakpoints done


Dynamic libraries:
0x0000000003c3d000 	/System/Library/Frameworks/Cocoa.framework/Versions/A/Cocoa
0x0000000003c3d000 	/System/Library/Frameworks/Security.framework/Versions/A/Security
0x0000000003c3d000 	/System/Library/Frameworks/ApplicationServices.framework/Versions/A/ApplicationServices
0x0000000003c3d000 	/usr/lib/libz.1.dylib
0x0000000003c3d000 	/usr/lib/libSystem.B.dylib
0x0000000003c3d000 	/usr/lib/libobjc.A.dylib
0x0000000003c3d000 	/System/Library/Frameworks/CoreFoundation.framework/Versions/A/CoreFoundation
0x0000000003c3d000 	/System/Library/Frameworks/Foundation.framework/Versions/C/Foundation
0x0000000003c3d000 	/System/Library/Frameworks/AppKit.framework/Versions/C/AppKit
0x0000000003c3d000 	/System/Library/Frameworks/CoreData.framework/Versions/A/CoreData
0x0000000003c3d000 	/System/Library/PrivateFrameworks/RemoteViewServices.framework/Versions/A/RemoteViewServices
0x0000000003c3d000 	/System/Library/PrivateFrameworks/UIFoundation.framework/Versions/A/UIFoundation
0x0000000003c3d000 	/usr/lib/libScreenReader.dylib
0x0000000003c3d000 	/System/Library/Frameworks/Accelerate.framework/Versions/A/Accelerate
0x0000000003c3d000 	/System/Library/Frameworks/IOSurface.framework/Versions/A/IOSurface
0x0000000003c3d000 	/System/Library/Frameworks/AudioToolbox.framework/Versions/A/AudioToolbox
0x0000000003c3d000 	/System/Library/Frameworks/AudioUnit.framework/Versions/A/AudioUnit
0x0000000003c3d000 	/System/Library/PrivateFrameworks/DataDetectorsCore.framework/Versions/A/DataDetectorsCore
0x0000000003c3d000 	/System/Library/PrivateFrameworks/DesktopServicesPriv.framework/Versions/A/DesktopServicesPriv
0x0000000003c3d000 	/System/Library/Frameworks/Carbon.framework/Versions/A/Frameworks/HIToolbox.framework/Versions/A/HIToolbox
0x0000000003c3d000 	/System/Library/Frameworks/QuartzCore.framework/Versions/A/QuartzCore
0x0000000003c3d000 	/System/Library/Frameworks/Carbon.framework/Versions/A/Frameworks/SpeechRecognition.framework/Versions/A/SpeechRecognition
0x0000000003c3d000 	/usr/lib/libauto.dylib
0x0000000003c3d000 	/usr/lib/libicucore.A.dylib
0x0000000003c3d000 	/usr/lib/libxml2.2.dylib
0x0000000003c3d000 	/System/Library/PrivateFrameworks/CoreUI.framework/Versions/A/CoreUI
0x0000000003c3d000 	/System/Library/Frameworks/CoreAudio.framework/Versions/A/CoreAudio
0x0000000003c3d000 	/System/Library/Frameworks/DiskArbitration.framework/Versions/A/DiskArbitration
0x0000000003c3d000 	/usr/lib/liblangid.dylib
0x0000000003c3d000 	/System/Library/PrivateFrameworks/MultitouchSupport.framework/Versions/A/MultitouchSupport
0x0000000003c3d000 	/System/Library/Frameworks/IOKit.framework/Versions/A/IOKit
0x0000000003c3d000 	/usr/lib/libDiagnosticMessagesClient.dylib
0x0000000003c3d000 	/System/Library/Frameworks/CoreServices.framework/Versions/A/CoreServices
0x0000000003c3d000 	/System/Library/PrivateFrameworks/PerformanceAnalysis.framework/Versions/A/PerformanceAnalysis
0x0000000003c3d000 	/System/Library/PrivateFrameworks/GenerationalStorage.framework/Versions/A/GenerationalStorage
0x0000000003c3d000 	/System/Library/Frameworks/OpenGL.framework/Versions/A/OpenGL
0x0000000003c3d000 	/System/Library/PrivateFrameworks/Sharing.framework/Versions/A/Sharing
0x0000000003c3d000 	/System/Library/Frameworks/CoreGraphics.framework/Versions/A/CoreGraphics
0x0000000003c3d000 	/System/Library/Frameworks/CoreImage.framework/Versions/A/CoreImage
0x0000000003c3d000 	/System/Library/Frameworks/CoreText.framework/Versions/A/CoreText
0x0000000003c3d000 	/System/Library/Frameworks/ImageIO.framework/Versions/A/ImageIO
0x0000000003c3d000 	/System/Library/PrivateFrameworks/Backup.framework/Versions/A/Backup
0x0000000003c3d000 	/usr/lib/libextension.dylib
0x0000000003c3d000 	/usr/lib/libarchive.2.dylib
0x0000000003c3d000 	/System/Library/Frameworks/CFNetwork.framework/Versions/A/CFNetwork
0x0000000003c3d000 	/System/Library/Frameworks/SystemConfiguration.framework/Versions/A/SystemConfiguration
0x0000000003c3d000 	/usr/lib/libCRFSuite.dylib
0x0000000003c3d000 	/usr/lib/libc++.1.dylib
0x0000000003c3d000 	/usr/lib/libc++abi.dylib
0x0000000003c3d000 	/usr/lib/system/libcache.dylib
0x0000000003c3d000 	/usr/lib/system/libcommonCrypto.dylib
0x0000000003c3d000 	/usr/lib/system/libcompiler_rt.dylib
0x0000000003c3d000 	/usr/lib/system/libcopyfile.dylib
0x0000000003c3d000 	/usr/lib/system/libcorecrypto.dylib
0x0000000003c3d000 	/usr/lib/system/libdispatch.dylib
0x0000000003c3d000 	/usr/lib/system/libdyld.dylib
0x0000000003c3d000 	/usr/lib/system/libkeymgr.dylib
0x0000000003c3d000 	/usr/lib/system/liblaunch.dylib
0x0000000003c3d000 	/usr/lib/system/libmacho.dylib
0x0000000003c3d000 	/usr/lib/system/libquarantine.dylib
0x0000000003c3d000 	/usr/lib/system/libremovefile.dylib
0x0000000003c3d000 	/usr/lib/system/libsystem_asl.dylib
0x0000000003c3d000 	/usr/lib/system/libsystem_blocks.dylib
0x0000000003c3d000 	/usr/lib/system/libsystem_c.dylib
0x0000000003c3d000 	/usr/lib/system/libsystem_configuration.dylib
0x0000000003c3d000 	/usr/lib/system/libsystem_coreservices.dylib
0x0000000003c3d000 	/usr/lib/system/libsystem_coretls.dylib
0x0000000003c3d000 	/usr/lib/system/libsystem_dnssd.dylib
0x0000000003c3d000 	/usr/lib/system/libsystem_info.dylib
0x0000000003c3d000 	/usr/lib/system/libsystem_kernel.dylib
0x0000000003c3d000 	/usr/lib/system/libsystem_m.dylib
0x0000000003c3d000 	/usr/lib/system/libsystem_malloc.dylib
0x0000000003c3d000 	/usr/lib/system/libsystem_network.dylib
0x0000000003c3d000 	/usr/lib/system/libsystem_networkextension.dylib
0x0000000003c3d000 	/usr/lib/system/libsystem_notify.dylib
0x0000000003c3d000 	/usr/lib/system/libsystem_platform.dylib
0x0000000003c3d000 	/usr/lib/system/libsystem_pthread.dylib
0x0000000003c3d000 	/usr/lib/system/libsystem_sandbox.dylib
0x0000000003c3d000 	/usr/lib/system/libsystem_secinit.dylib
0x0000000003c3d000 	/usr/lib/system/libsystem_trace.dylib
0x0000000003c3d000 	/usr/lib/system/libunc.dylib
0x0000000003c3d000 	/usr/lib/system/libunwind.dylib
0x0000000003c3d000 	/usr/lib/system/libxpc.dylib
0x0000000003c3d000 	/usr/lib/libenergytrace.dylib
0x0000000003c3d000 	/usr/lib/libbsm.0.dylib
0x0000000003c3d000 	/usr/lib/system/libkxld.dylib
0x0000000003c3d000 	/usr/lib/libxar.1.dylib
0x0000000003c3d000 	/usr/lib/libsqlite3.dylib
0x0000000003c3d000 	/usr/lib/libpam.2.dylib
0x0000000003c3d000 	/usr/lib/libOpenScriptingUtil.dylib
0x0000000003c3d000 	/usr/lib/libbz2.1.0.dylib
0x0000000003c3d000 	/usr/lib/liblzma.5.dylib
0x0000000003c3d000 	/System/Library/Frameworks/CoreServices.framework/Versions/A/Frameworks/FSEvents.framework/Versions/A/FSEvents
0x0000000003c3d000 	/System/Library/Frameworks/CoreServices.framework/Versions/A/Frameworks/CarbonCore.framework/Versions/A/CarbonCore
0x0000000003c3d000 	/System/Library/Frameworks/CoreServices.framework/Versions/A/Frameworks/Metadata.framework/Versions/A/Metadata
0x0000000003c3d000 	/System/Library/Frameworks/CoreServices.framework/Versions/A/Frameworks/OSServices.framework/Versions/A/OSServices
0x0000000003c3d000 	/System/Library/Frameworks/CoreServices.framework/Versions/A/Frameworks/SearchKit.framework/Versions/A/SearchKit
0x0000000003c3d000 	/System/Library/Frameworks/CoreServices.framework/Versions/A/Frameworks/AE.framework/Versions/A/AE
0x0000000003c3d000 	/System/Library/Frameworks/CoreServices.framework/Versions/A/Frameworks/LaunchServices.framework/Versions/A/LaunchServices
0x0000000003c3d000 	/System/Library/Frameworks/CoreServices.framework/Versions/A/Frameworks/DictionaryServices.framework/Versions/A/DictionaryServices
0x0000000003c3d000 	/System/Library/Frameworks/CoreServices.framework/Versions/A/Frameworks/SharedFileList.framework/Versions/A/SharedFileList
0x0000000003c3d000 	/System/Library/Frameworks/NetFS.framework/Versions/A/NetFS
0x0000000003c3d000 	/System/Library/PrivateFrameworks/NetAuth.framework/Versions/A/NetAuth
0x0000000003c3d000 	/System/Library/PrivateFrameworks/login.framework/Versions/A/Frameworks/loginsupport.framework/Versions/A/loginsupport
0x0000000003c3d000 	/System/Library/PrivateFrameworks/TCC.framework/Versions/A/TCC
0x0000000003c3d000 	/usr/lib/libmecabra.dylib
0x0000000003c3d000 	/System/Library/Frameworks/ApplicationServices.framework/Versions/A/Frameworks/ATS.framework/Versions/A/ATS
0x0000000003c3d000 	/System/Library/Frameworks/ApplicationServices.framework/Versions/A/Frameworks/ColorSync.framework/Versions/A/ColorSync
0x0000000003c3d000 	/System/Library/Frameworks/ApplicationServices.framework/Versions/A/Frameworks/HIServices.framework/Versions/A/HIServices
0x0000000003c3d000 	/System/Library/Frameworks/ApplicationServices.framework/Versions/A/Frameworks/LangAnalysis.framework/Versions/A/LangAnalysis
0x0000000003c3d000 	/System/Library/Frameworks/ApplicationServices.framework/Versions/A/Frameworks/PrintCore.framework/Versions/A/PrintCore
0x0000000003c3d000 	/System/Library/Frameworks/ApplicationServices.framework/Versions/A/Frameworks/QD.framework/Versions/A/QD
0x0000000003c3d000 	/System/Library/Frameworks/ApplicationServices.framework/Versions/A/Frameworks/SpeechSynthesis.framework/Versions/A/SpeechSynthesis
0x0000000003c3d000 	/System/Library/Frameworks/Metal.framework/Versions/A/Metal
0x0000000003c3d000 	/System/Library/Frameworks/Accelerate.framework/Versions/A/Frameworks/vImage.framework/Versions/A/vImage
0x0000000003c3d000 	/System/Library/Frameworks/Accelerate.framework/Versions/A/Frameworks/vecLib.framework/Versions/A/vecLib
0x0000000003c3d000 	/System/Library/Frameworks/Accelerate.framework/Versions/A/Frameworks/vecLib.framework/Versions/A/libvDSP.dylib
0x0000000003c3d000 	/System/Library/Frameworks/Accelerate.framework/Versions/A/Frameworks/vecLib.framework/Versions/A/libvMisc.dylib
0x0000000003c3d000 	/System/Library/Frameworks/Accelerate.framework/Versions/A/Frameworks/vecLib.framework/Versions/A/libLAPACK.dylib
0x0000000003c3d000 	/System/Library/Frameworks/Accelerate.framework/Versions/A/Frameworks/vecLib.framework/Versions/A/libBLAS.dylib
0x0000000003c3d000 	/System/Library/Frameworks/Accelerate.framework/Versions/A/Frameworks/vecLib.framework/Versions/A/libLinearAlgebra.dylib
0x0000000003c3d000 	/System/Library/Frameworks/Accelerate.framework/Versions/A/Frameworks/vecLib.framework/Versions/A/libSparseBLAS.dylib
0x0000000003c3d000 	/System/Library/PrivateFrameworks/GPUCompiler.framework/libmetal_timestamp.dylib
0x0000000003c3d000 	/System/Library/Frameworks/OpenGL.framework/Versions/A/Libraries/libCoreFSCache.dylib
0x0000000003c3d000 	/System/Library/PrivateFrameworks/IOAccelerator.framework/Versions/A/IOAccelerator
0x0000000003c3d000 	/System/Library/Frameworks/ApplicationServices.framework/Versions/A/Frameworks/ATS.framework/Versions/A/Resources/libFontParser.dylib
0x0000000003c3d000 	/System/Library/Frameworks/ApplicationServices.framework/Versions/A/Frameworks/ATS.framework/Versions/A/Resources/libFontRegistry.dylib
0x0000000003c3d000 	/System/Library/PrivateFrameworks/AppleVPA.framework/Versions/A/AppleVPA
0x0000000003c3d000 	/System/Library/PrivateFrameworks/AppleJPEG.framework/Versions/A/AppleJPEG
0x0000000003c3d000 	/System/Library/Frameworks/ImageIO.framework/Versions/A/Resources/libJPEG.dylib
0x0000000003c3d000 	/System/Library/Frameworks/ImageIO.framework/Versions/A/Resources/libTIFF.dylib
0x0000000003c3d000 	/System/Library/Frameworks/ImageIO.framework/Versions/A/Resources/libPng.dylib
0x0000000003c3d000 	/System/Library/Frameworks/ImageIO.framework/Versions/A/Resources/libGIF.dylib
0x0000000003c3d000 	/System/Library/Frameworks/ImageIO.framework/Versions/A/Resources/libJP2.dylib
0x0000000003c3d000 	/System/Library/Frameworks/ImageIO.framework/Versions/A/Resources/libRadiance.dylib
0x0000000003c3d000 	/System/Library/Frameworks/CoreVideo.framework/Versions/A/CoreVideo
0x0000000003c3d000 	/System/Library/Frameworks/OpenGL.framework/Versions/A/Libraries/libGLU.dylib
0x0000000003c3d000 	/System/Library/Frameworks/OpenGL.framework/Versions/A/Libraries/libGFXShared.dylib
0x0000000003c3d000 	/System/Library/Frameworks/OpenGL.framework/Versions/A/Libraries/libGL.dylib
0x0000000003c3d000 	/System/Library/Frameworks/OpenGL.framework/Versions/A/Libraries/libGLImage.dylib
0x0000000003c3d000 	/System/Library/Frameworks/OpenGL.framework/Versions/A/Libraries/libCVMSPluginSupport.dylib
0x0000000003c3d000 	/System/Library/Frameworks/OpenGL.framework/Versions/A/Libraries/libCoreVMClient.dylib
0x0000000003c3d000 	/usr/lib/libcompression.dylib
0x0000000003c3d000 	/usr/lib/libcups.2.dylib
0x0000000003c3d000 	/System/Library/Frameworks/Kerberos.framework/Versions/A/Kerberos
0x0000000003c3d000 	/System/Library/Frameworks/GSS.framework/Versions/A/GSS
0x0000000003c3d000 	/usr/lib/libresolv.9.dylib
0x0000000003c3d000 	/usr/lib/libiconv.2.dylib
0x0000000003c3d000 	/System/Library/PrivateFrameworks/Heimdal.framework/Versions/A/Heimdal
0x0000000003c3d000 	/usr/lib/libheimdal-asn1.dylib
0x0000000003c3d000 	/System/Library/Frameworks/OpenDirectory.framework/Versions/A/OpenDirectory
0x0000000003c3d000 	/System/Library/PrivateFrameworks/CommonAuth.framework/Versions/A/CommonAuth
0x0000000003c3d000 	/System/Library/Frameworks/OpenDirectory.framework/Versions/A/Frameworks/CFOpenDirectory.framework/Versions/A/CFOpenDirectory
0x0000000003c3d000 	/System/Library/Frameworks/SecurityFoundation.framework/Versions/A/SecurityFoundation
0x0000000003c3d000 	/System/Library/PrivateFrameworks/LanguageModeling.framework/Versions/A/LanguageModeling
0x0000000003c3d000 	/usr/lib/libmarisa.dylib
0x0000000003c3d000 	/usr/lib/libChineseTokenizer.dylib
0x0000000003c3d000 	/usr/lib/libcmph.dylib
0x0000000003c3d000 	/System/Library/Frameworks/ServiceManagement.framework/Versions/A/ServiceManagement
0x0000000003c3d000 	/usr/lib/libxslt.1.dylib
0x0000000003c3d000 	/System/Library/Frameworks/Carbon.framework/Versions/A/Frameworks/Ink.framework/Versions/A/Ink
0x0000000003c3d000 	/usr/lib/libFosl_dynamic.dylib
0x0000000003c3d000 	/System/Library/PrivateFrameworks/FaceCore.framework/Versions/A/FaceCore
0x0000000003c3d000 	/System/Library/Frameworks/OpenCL.framework/Versions/A/OpenCL
0x0000000003c3d000 	/System/Library/PrivateFrameworks/CrashReporterSupport.framework/Versions/A/CrashReporterSupport
0x0000000003c3d000 	/System/Library/PrivateFrameworks/IconServices.framework/Versions/A/IconServices
0x0000000003c3d000 	/System/Library/PrivateFrameworks/Apple80211.framework/Versions/A/Apple80211
0x0000000003c3d000 	/System/Library/Frameworks/CoreWLAN.framework/Versions/A/CoreWLAN
0x0000000003c3d000 	/System/Library/Frameworks/IOBluetooth.framework/Versions/A/IOBluetooth
0x0000000003c3d000 	/System/Library/PrivateFrameworks/CoreWiFi.framework/Versions/A/CoreWiFi
0x0000000003c3d000 	/System/Library/Frameworks/CoreBluetooth.framework/Versions/A/CoreBluetooth
0x0000000003c3d000 	/System/Library/PrivateFrameworks/ChunkingLibrary.framework/Versions/A/ChunkingLibrary
0x0000000003c3d000 	/System/Library/PrivateFrameworks/DebugSymbols.framework/Versions/A/DebugSymbols
0x0000000003c3d000 	/System/Library/PrivateFrameworks/CoreSymbolication.framework/Versions/A/CoreSymbolication
0x0000000003c3d000 	/System/Library/PrivateFrameworks/Symbolication.framework/Versions/A/Symbolication
0x0000000003c3d000 	/System/Library/PrivateFrameworks/SpeechRecognitionCore.framework/Versions/A/SpeechRecognitionCore
0x00000001041d8000 	/Library/Java/JavaVirtualMachines/jdk1.8.0_77.jdk/Contents/Home/jre/lib/server/libjvm.dylib
0x0000000003c3d000 	/usr/lib/libstdc++.6.dylib
0x0000000105167000 	/Library/Java/JavaVirtualMachines/jdk1.8.0_77.jdk/Contents/Home/jre/lib/libverify.dylib
0x0000000105175000 	/Library/Java/JavaVirtualMachines/jdk1.8.0_77.jdk/Contents/Home/jre/lib/libjava.dylib
0x00000001051ab000 	/Library/Java/JavaVirtualMachines/jdk1.8.0_77.jdk/Contents/Home/jre/lib/libjdwp.dylib
0x00000001051f6000 	/Library/Java/JavaVirtualMachines/jdk1.8.0_77.jdk/Contents/Home/jre/lib/libnpt.dylib
0x0000000105203000 	/Library/Java/JavaVirtualMachines/jdk1.8.0_77.jdk/Contents/Home/jre/lib/libzip.dylib
0x000000011b37a000 	/System/Library/Frameworks/JavaVM.framework/Frameworks/JavaRuntimeSupport.framework/JavaRuntimeSupport
0x000000011b395000 	/System/Library/Frameworks/JavaVM.framework/Versions/A/Frameworks/JavaNativeFoundation.framework/Versions/A/JavaNativeFoundation
0x000000011b3aa000 	/System/Library/Frameworks/JavaVM.framework/Versions/A/JavaVM
0x0000000003c3d000 	/System/Library/Frameworks/Carbon.framework/Versions/A/Carbon
0x000000011b3b7000 	/System/Library/PrivateFrameworks/JavaLaunching.framework/Versions/A/JavaLaunching
0x0000000003c3d000 	/System/Library/Frameworks/Carbon.framework/Versions/A/Frameworks/CommonPanels.framework/Versions/A/CommonPanels
0x0000000003c3d000 	/System/Library/Frameworks/Carbon.framework/Versions/A/Frameworks/Help.framework/Versions/A/Help
0x0000000003c3d000 	/System/Library/Frameworks/Carbon.framework/Versions/A/Frameworks/ImageCapture.framework/Versions/A/ImageCapture
0x0000000003c3d000 	/System/Library/Frameworks/Carbon.framework/Versions/A/Frameworks/OpenScripting.framework/Versions/A/OpenScripting
0x0000000003c3d000 	/System/Library/Frameworks/Carbon.framework/Versions/A/Frameworks/Print.framework/Versions/A/Print
0x0000000003c3d000 	/System/Library/Frameworks/Carbon.framework/Versions/A/Frameworks/SecurityHI.framework/Versions/A/SecurityHI
0x000000011ccd6000 	/Library/Java/JavaVirtualMachines/jdk1.8.0_77.jdk/Contents/Home/jre/lib/libdt_socket.dylib

VM Arguments:
jvm_args: -agentlib:jdwp=transport=dt_socket,address=127.0.0.1:49823,suspend=y,server=n -Dfile.encoding=UTF-8 
java_command: XQuery
java_class_path (initial): /Library/Java/JavaVirtualMachines/jdk1.8.0_77.jdk/Contents/Home/jre/lib/charsets.jar:/Library/Java/JavaVirtualMachines/jdk1.8.0_77.jdk/Contents/Home/jre/lib/deploy.jar:/Library/Java/JavaVirtualMachines/jdk1.8.0_77.jdk/Contents/Home/jre/lib/ext/cldrdata.jar:/Library/Java/JavaVirtualMachines/jdk1.8.0_77.jdk/Contents/Home/jre/lib/ext/dnsns.jar:/Library/Java/JavaVirtualMachines/jdk1.8.0_77.jdk/Contents/Home/jre/lib/ext/jaccess.jar:/Library/Java/JavaVirtualMachines/jdk1.8.0_77.jdk/Contents/Home/jre/lib/ext/jfxrt.jar:/Library/Java/JavaVirtualMachines/jdk1.8.0_77.jdk/Contents/Home/jre/lib/ext/localedata.jar:/Library/Java/JavaVirtualMachines/jdk1.8.0_77.jdk/Contents/Home/jre/lib/ext/nashorn.jar:/Library/Java/JavaVirtualMachines/jdk1.8.0_77.jdk/Contents/Home/jre/lib/ext/sunec.jar:/Library/Java/JavaVirtualMachines/jdk1.8.0_77.jdk/Contents/Home/jre/lib/ext/sunjce_provider.jar:/Library/Java/JavaVirtualMachines/jdk1.8.0_77.jdk/Contents/Home/jre/lib/ext/sunpkcs11.jar:/Library/Java/JavaVirtualMachines/jdk1.8.0_77.jdk/Contents/Home/jre/lib/ext/zipfs.jar:/Library/Java/JavaVirtualMachines/jdk1.8.0_77.jdk/Contents/Home/jre/lib/javaws.jar:/Library/Java/JavaVirtualMachines/jdk1.8.0_77.jdk/Contents/Home/jre/lib/jce.jar:/Library/Java/JavaVirtualMachines/jdk1.8.0_77.jdk/Contents/Home/jre/lib/jfr.jar:/Library/Java/JavaVirtualMachines/jdk1.8.0_77.jdk/Contents/Home/jre/lib/jfxswt.jar:/Library/Java/JavaVirtualMachines/jdk1.8.0_77.jdk/Contents/Home/jre/lib/jsse.jar:/Library/Java/JavaVirtualMachines/jdk1.8.0_77.jdk/Contents/Home/jre/lib/management-agent.jar:/Library/Java/JavaVirtualMachines/jdk1.8.0_77.jdk/Contents/Home/jre/lib/plugin.jar:/Library/Java/JavaVirtualMachines/jdk1.8.0_77.jdk/Contents/Home/jre/lib/resources.jar:/Library/Java/JavaVirtualMachines/jdk1.8.0_77.jdk/Contents/Home/jre/lib/rt.jar:/Library/Java/JavaVirtualMachines/jdk1.8.0_77.jdk/Contents/Home/lib/ant-javafx.jar:/Library/Java/JavaVirtualMachines/jdk1.8.0_77.jdk/Contents/Home/lib/dt.jar:/Library/Ja
Launcher Type: SUN_STANDARD

Environment Variables:
CLASSPATH=.:/usr/local/lib/antlr-4.5.3-complete.jar:
PATH=/Users/onion/anaconda/bin:/usr/local/bin:/usr/bin:/bin:/usr/sbin:/sbin:/Library/TeX/texbin
SHELL=/bin/bash

Signal Handlers:
SIGSEGV: [libjvm.dylib+0x5a6855], sa_mask[0]=11111111011111110111111111111111, sa_flags=SA_ONSTACK|SA_RESTART|SA_SIGINFO
SIGBUS: [libjvm.dylib+0x5a6855], sa_mask[0]=11111111011111110111111111111111, sa_flags=SA_RESTART|SA_SIGINFO
SIGFPE: [libjvm.dylib+0x4804ec], sa_mask[0]=11111111011111110111111111111111, sa_flags=SA_RESTART|SA_SIGINFO
SIGPIPE: [libjvm.dylib+0x4804ec], sa_mask[0]=11111111011111110111111111111111, sa_flags=SA_RESTART|SA_SIGINFO
SIGXFSZ: [libjvm.dylib+0x4804ec], sa_mask[0]=11111111011111110111111111111111, sa_flags=SA_RESTART|SA_SIGINFO
SIGILL: [libjvm.dylib+0x4804ec], sa_mask[0]=11111111011111110111111111111111, sa_flags=SA_RESTART|SA_SIGINFO
SIGUSR1: SIG_DFL, sa_mask[0]=00000000000000000000000000000000, sa_flags=none
SIGUSR2: [libjvm.dylib+0x48000a], sa_mask[0]=00100000000000000000000000000000, sa_flags=SA_RESTART|SA_SIGINFO
SIGHUP: [libjvm.dylib+0x47e5e1], sa_mask[0]=11111111011111110111111111111111, sa_flags=SA_RESTART|SA_SIGINFO
SIGINT: [libjvm.dylib+0x47e5e1], sa_mask[0]=11111111011111110111111111111111, sa_flags=SA_RESTART|SA_SIGINFO
SIGTERM: [libjvm.dylib+0x47e5e1], sa_mask[0]=11111111011111110111111111111111, sa_flags=SA_RESTART|SA_SIGINFO
SIGQUIT: [libjvm.dylib+0x47e5e1], sa_mask[0]=11111111011111110111111111111111, sa_flags=SA_RESTART|SA_SIGINFO


---------------  S Y S T E M  ---------------

OS:Bsduname:Darwin 15.6.0 Darwin Kernel Version 15.6.0: Wed Nov  2 20:30:56 PDT 2016; root:xnu-3248.60.11.1.2~2/RELEASE_X86_64 x86_64
rlimit: STACK 8192k, CORE 0k, NPROC 709, NOFILE 10240, AS infinity
load average:5.81 6.03 5.87

CPU:total 4 (2 cores per cpu, 2 threads per core) family 6 model 61 stepping 4, cmov, cx8, fxsr, mmx, sse, sse2, sse3, ssse3, sse4.1, sse4.2, popcnt, avx, avx2, aes, clmul, erms, 3dnowpref, lzcnt, ht, tsc, tscinvbit, bmi1, bmi2, adx

Memory: 4k page, physical 8388608k(886456k free)

/proc/meminfo:


vm_info: Java HotSpot(TM) 64-Bit Server VM (25.77-b03) for bsd-amd64 JRE (1.8.0_77-b03), built on Mar 20 2016 22:14:03 by "java_re" with gcc 4.2.1 (Based on Apple Inc. build 5658) (LLVM build 2336.11.00)

time: Tue Feb 21 23:42:44 2017
elapsed time: 3004 seconds (0d 0h 50m 4s)

