#
# A fatal error has been detected by the Java Runtime Environment:
#
#  SIGSEGV (0xb) at pc=0x00000001036462c8, pid=782, tid=17155
#
# JRE version: Java(TM) SE Runtime Environment (8.0_77-b03) (build 1.8.0_77-b03)
# Java VM: Java HotSpot(TM) 64-Bit Server VM (25.77-b03 mixed mode bsd-amd64 compressed oops)
# Problematic frame:
# V  [libjvm.dylib+0x4462c8]
#
# Failed to write core dump. Core dumps have been disabled. To enable core dumping, try "ulimit -c unlimited" before starting Java again
#
# If you would like to submit a bug report, please visit:
#   http://bugreport.java.com/bugreport/crash.jsp
#

---------------  T H R E A D  ---------------

Current thread (0x00007f8145026800):  JavaThread "JDWP Transport Listener: dt_socket" daemon [_thread_in_vm, id=17155, stack(0x0000700000b3b000,0x0000700000c3b000)]

siginfo: si_signo: 11 (SIGSEGV), si_code: 0 (unknown), si_addr: 0x0000000000000000

Registers:
RAX=0x0000000000000001, RBX=0x0000700000c3aa8b, RCX=0x0000000103a15340, RDX=0x0000700000c3aa8b
RSP=0x0000700000c3a9d0, RBP=0x0000700000c3a9e0, RSI=0x00007f8145026800, RDI=0x0002000000000000
R8 =0x0000000000000007, R9 =0x0000000000000000, R10=0x0000000000000008, R11=0x00007f8143700000
R12=0x00007f8145026800, R13=0x0002000000000000, R14=0x0002000000000000, R15=0x00007f8143601ad0
RIP=0x00000001036462c8, EFLAGS=0x0000000000010206, ERR=0x0000000000000000
  TRAPNO=0x000000000000000d

Top of Stack: (sp=0x0000700000c3a9d0)
0x0000700000c3a9d0:   0000700000c3aa8b 0000700000c3aa8b
0x0000700000c3a9e0:   0000700000c3aa40 00000001035552fe
0x0000700000c3a9f0:   00007f8145026800 0000000000000000
0x0000700000c3aa00:   0000000000000000 0000000000000000
0x0000700000c3aa10:   00007f8145026800 00007f8145026800
0x0000700000c3aa20:   0000700000c3aa8b 0000700000c3aa90
0x0000700000c3aa30:   0002000000000000 0000000000000003
0x0000700000c3aa40:   0000700000c3aa60 00000001028ed780
0x0000700000c3aa50:   0000000000000001 0000700000c3ab08
0x0000700000c3aa60:   0000700000c3aad0 00000001028d21f3
0x0000700000c3aa70:   0000700000c3aaa0 00007f81437339b0
0x0000700000c3aa80:   0000000400000032 0000000a00c3ab08
0x0000700000c3aa90:   0000000000000000 0000000000000000
0x0000700000c3aaa0:   0000000000000000 0000700000c3ac90
0x0000700000c3aab0:   00000001028f4e7a 00007f8143648ac0
0x0000700000c3aac0:   0000700000c3ab08 0000000102900598
0x0000700000c3aad0:   0000700000c3aae0 00000001028d22ec
0x0000700000c3aae0:   0000700000c3ad00 00000001028db898
0x0000700000c3aaf0:   0001d37b00000013 00000000000f0200
0x0000700000c3ab00:   00007f814362b210 00007f814373d497
0x0000700000c3ab10:   00007f81000001a1 00007f814372fb50
0x0000700000c3ab20:   00007f810000012c 0000700000c3ab58
0x0000700000c3ab30:   00007f814372fb50 0000000000000000
0x0000700000c3ab40:   0001d37b0000000f 0000000000000080
0x0000700000c3ab50:   0000700000c3ab58 817f000004000000
0x0000700000c3ab60:   0b000000b84c5443 466f546574697277
0x0000700000c3ab70:   2841000000656c69 6333772f67726f4c
0x0000700000c3ab80:   636f442f6d6f642f 6a4c3b746e656d75
0x0000700000c3ab90:   6c6974752f617661 4c64656b6e694c2f
0x0000700000c3aba0:   76616a4c3b747369 532f676e616c2f61
0x0000700000c3abb0:   56293b676e697274 726f4c2855000000
0x0000700000c3abc0:   6f642f6333772f67 656d75636f442f6d 

Instructions: (pc=0x00000001036462c8)
0x00000001036462a8:   40 48 48 85 c0 75 e0 30 c0 0f b6 c0 5d c3 31 c0
0x00000001036462b8:   5d c3 55 48 89 e5 53 48 83 ec 08 48 85 ff 74 24
0x00000001036462c8:   48 8b 1f 48 85 db 74 1c 48 83 fb 37 74 16 48 8b
0x00000001036462d8:   03 48 89 df ff 50 10 84 c0 b8 00 00 00 00 48 0f 

Register to memory mapping:

RAX=0x0000000000000001 is an unknown value
RBX=0x0000700000c3aa8b is pointing into the stack for thread: 0x00007f8145026800
RCX=0x0000000103a15340: UseMembar+0 in /Library/Java/JavaVirtualMachines/jdk1.8.0_77.jdk/Contents/Home/jre/lib/server/libjvm.dylib at 0x0000000103200000
RDX=0x0000700000c3aa8b is pointing into the stack for thread: 0x00007f8145026800
RSP=0x0000700000c3a9d0 is pointing into the stack for thread: 0x00007f8145026800
RBP=0x0000700000c3a9e0 is pointing into the stack for thread: 0x00007f8145026800
RSI=0x00007f8145026800 is a thread
RDI=0x0002000000000000 is an unknown value
R8 =0x0000000000000007 is an unknown value
R9 =0x0000000000000000 is an unknown value
R10=0x0000000000000008 is an unknown value
R11=0x00007f8143700000 is an unknown value
R12=0x00007f8145026800 is a thread
R13=0x0002000000000000 is an unknown value
R14=0x0002000000000000 is an unknown value
R15=0x00007f8143601ad0 is an unknown value


Stack: [0x0000700000b3b000,0x0000700000c3b000],  sp=0x0000700000c3a9d0,  free space=1022k
Native frames: (J=compiled Java code, j=interpreted, Vv=VM code, C=native code)
V  [libjvm.dylib+0x4462c8]
V  [libjvm.dylib+0x3552fe]
C  [libjdwp.dylib+0x20780]  isMethodSynthetic+0x63
C  [libjdwp.dylib+0x51f3]  methods1+0x10b
C  [libjdwp.dylib+0x52ec]  methodsWithGeneric+0xe
C  [libjdwp.dylib+0xe898]  debugLoop_run+0x1ce
C  [libjdwp.dylib+0x1f6ba]  attachThread+0x4d
V  [libjvm.dylib+0x39665c]
V  [libjvm.dylib+0x560e03]
V  [libjvm.dylib+0x5624fe]
V  [libjvm.dylib+0x482eda]
C  [libsystem_pthread.dylib+0x399d]  _pthread_body+0x83
C  [libsystem_pthread.dylib+0x391a]  _pthread_body+0x0
C  [libsystem_pthread.dylib+0x1351]  thread_start+0xd
C  0x0000000000000000


---------------  P R O C E S S  ---------------

Java Threads: ( => current thread )
  0x00007f814486a000 JavaThread "Service Thread" daemon [_thread_blocked, id=20227, stack(0x000070000114d000,0x000070000124d000)]
  0x00007f8143840000 JavaThread "C1 CompilerThread2" daemon [_thread_blocked, id=19715, stack(0x000070000104a000,0x000070000114a000)]
  0x00007f8144040000 JavaThread "C2 CompilerThread1" daemon [_thread_blocked, id=19203, stack(0x0000700000f47000,0x0000700001047000)]
  0x00007f8144046800 JavaThread "C2 CompilerThread0" daemon [_thread_blocked, id=18691, stack(0x0000700000e44000,0x0000700000f44000)]
  0x00007f8145028000 JavaThread "JDWP Command Reader" daemon [_thread_in_native, id=18179, stack(0x0000700000d41000,0x0000700000e41000)]
  0x00007f8145027800 JavaThread "JDWP Event Helper Thread" daemon [_thread_blocked, id=17667, stack(0x0000700000c3e000,0x0000700000d3e000)]
=>0x00007f8145026800 JavaThread "JDWP Transport Listener: dt_socket" daemon [_thread_in_vm, id=17155, stack(0x0000700000b3b000,0x0000700000c3b000)]
  0x00007f8144869000 JavaThread "Signal Dispatcher" daemon [_thread_blocked, id=13839, stack(0x0000700000a38000,0x0000700000b38000)]
  0x00007f8144028800 JavaThread "Finalizer" daemon [_thread_blocked, id=12291, stack(0x000070000082f000,0x000070000092f000)]
  0x00007f8145012000 JavaThread "Reference Handler" daemon [_thread_blocked, id=11779, stack(0x000070000072c000,0x000070000082c000)]
  0x00007f814380b800 JavaThread "main" [_thread_blocked, id=5891, stack(0x000070000011a000,0x000070000021a000)]

Other Threads:
  0x00007f8144821000 VMThread [stack: 0x0000700000629000,0x0000700000729000] [id=11267]
  0x00007f8144042000 WatcherThread [stack: 0x0000700001250000,0x0000700001350000] [id=20739]

VM state:not at safepoint (normal execution)

VM Mutex/Monitor currently owned by a thread: None

Heap:
 PSYoungGen      total 38400K, used 17324K [0x0000000795580000, 0x0000000798000000, 0x00000007c0000000)
  eden space 33280K, 52% used [0x0000000795580000,0x000000079666b2c8,0x0000000797600000)
  from space 5120K, 0% used [0x0000000797b00000,0x0000000797b00000,0x0000000798000000)
  to   space 5120K, 0% used [0x0000000797600000,0x0000000797600000,0x0000000797b00000)
 ParOldGen       total 87552K, used 0K [0x0000000740000000, 0x0000000745580000, 0x0000000795580000)
  object space 87552K, 0% used [0x0000000740000000,0x0000000740000000,0x0000000745580000)
 Metaspace       used 5940K, capacity 6032K, committed 6144K, reserved 1056768K
  class space    used 666K, capacity 688K, committed 768K, reserved 1048576K

Card table byte_map: [0x000000011354f000,0x0000000113950000] byte_map_base: 0x000000010fb4f000

Marking Bits: (ParMarkBitMap*) 0x0000000103ae3ea0
 Begin Bits: [0x0000000113bfb000, 0x0000000115bfb000)
 End Bits:   [0x0000000115bfb000, 0x0000000117bfb000)

Polling page: 0x00000001028cc000

CodeCache: size=245760Kb used=3027Kb max_used=3067Kb free=242732Kb
 bounds [0x000000010418f000, 0x000000010449f000, 0x000000011318f000]
 total_blobs=980 nmethods=724 adapters=178
 compilation: enabled

Compilation events (10 events):
Event: 87.072 Thread 0x00007f8143840000 nmethod 752 0x0000000104297350 code [0x00000001042974c0, 0x0000000104297730]
Event: 87.072 Thread 0x00007f8143840000  753       3       XPathParser$RpContext::copyFrom (6 bytes)
Event: 87.072 Thread 0x00007f8143840000 nmethod 753 0x000000010429be90 code [0x000000010429c000, 0x000000010429c210]
Event: 87.072 Thread 0x00007f8143840000  738       3       org.antlr.v4.runtime.Parser::enterRecursionRule (48 bytes)
Event: 87.073 Thread 0x00007f8143840000 nmethod 738 0x00000001042d9050 code [0x00000001042d9200, 0x00000001042d9808]
Event: 87.073 Thread 0x00007f8143840000  760       3       org.antlr.v4.runtime.ParserRuleContext::addChild (31 bytes)
Event: 87.073 Thread 0x00007f8143840000 nmethod 760 0x0000000104334810 code [0x00000001043349a0, 0x0000000104334e28]
Event: 87.073 Thread 0x00007f8143840000  757       1       org.antlr.v4.runtime.tree.TerminalNodeImpl::getSymbol (5 bytes)
Event: 87.073 Thread 0x00007f8143840000 nmethod 757 0x00000001042a0ad0 code [0x00000001042a0c20, 0x00000001042a0d30]
Event: 87.075 Thread 0x00007f8144046800 nmethod 747 0x0000000104347650 code [0x00000001043477e0, 0x0000000104347df8]

GC Heap History (0 events):
No events

Deoptimization events (10 events):
Event: 0.702 Thread 0x00007f814380b800 Uncommon trap: reason=unstable_if action=reinterpret pc=0x000000010430640c method=java.lang.String.indexOf([CII[CIII)I @ 123
Event: 0.704 Thread 0x00007f814380b800 Uncommon trap: reason=unstable_if action=reinterpret pc=0x00000001042ff958 method=sun.misc.URLClassPath.getLoader(I)Lsun/misc/URLClassPath$Loader; @ 36
Event: 0.704 Thread 0x00007f814380b800 Uncommon trap: reason=unstable_if action=reinterpret pc=0x00000001042fa454 method=sun.misc.URLClassPath.getLoader(I)Lsun/misc/URLClassPath$Loader; @ 36
Event: 0.704 Thread 0x00007f814380b800 Uncommon trap: reason=unstable_if action=reinterpret pc=0x0000000104324a18 method=sun.misc.MetaIndex.mayContain(Ljava/lang/String;)Z @ 13
Event: 0.885 Thread 0x00007f814380b800 Uncommon trap: reason=unstable_if action=reinterpret pc=0x00000001043d2ac8 method=com.sun.org.apache.xerces.internal.impl.XMLEntityScanner.peekChar()I @ 14
Event: 0.921 Thread 0x00007f814380b800 Uncommon trap: reason=class_check action=maybe_recompile pc=0x00000001043da7ac method=com.sun.org.apache.xerces.internal.impl.XMLDocumentScannerImpl.next()I @ 4
Event: 0.921 Thread 0x00007f814380b800 Uncommon trap: reason=unstable_if action=reinterpret pc=0x00000001043d75e8 method=com.sun.org.apache.xerces.internal.impl.XMLEntityScanner.skipSpaces()Z @ 54
Event: 0.991 Thread 0x00007f814380b800 Uncommon trap: reason=unstable_if action=reinterpret pc=0x000000010440c054 method=com.sun.org.apache.xerces.internal.dom.DeferredDocumentImpl.clearChunkIndex([[III)I @ 3
Event: 1.069 Thread 0x00007f814380b800 Uncommon trap: reason=unstable_if action=reinterpret pc=0x000000010442b198 method=java.util.LinkedList.node(I)Ljava/util/LinkedList$Node; @ 49
Event: 1.304 Thread 0x00007f814380b800 Uncommon trap: reason=unstable_if action=reinterpret pc=0x00000001044398dc method=java.lang.AbstractStringBuilder.append(Ljava/lang/String;)Ljava/lang/AbstractStringBuilder; @ 1

Internal exceptions (10 events):
Event: 0.243 Thread 0x00007f814380b800 Exception <a 'java/security/PrivilegedActionException'> (0x00000007957894d0) thrown at [/Users/java_re/workspace/8-2-build-macosx-x86_64/jdk8u77/6540/hotspot/src/share/vm/prims/jvm.cpp, line 1386]
Event: 0.250 Thread 0x00007f814380b800 Exception <a 'java/util/zip/ZipException'> (0x000000079579ac90) thrown at [/Users/java_re/workspace/8-2-build-macosx-x86_64/jdk8u77/6540/hotspot/src/share/vm/prims/jni.cpp, line 709]
Event: 0.250 Thread 0x00007f814380b800 Exception <a 'java/security/PrivilegedActionException'> (0x000000079579ae98) thrown at [/Users/java_re/workspace/8-2-build-macosx-x86_64/jdk8u77/6540/hotspot/src/share/vm/prims/jvm.cpp, line 1386]
Event: 0.250 Thread 0x00007f814380b800 Exception <a 'java/security/PrivilegedActionException'> (0x000000079579b0a8) thrown at [/Users/java_re/workspace/8-2-build-macosx-x86_64/jdk8u77/6540/hotspot/src/share/vm/prims/jvm.cpp, line 1386]
Event: 0.705 Thread 0x00007f814380b800 Exception <a 'java/security/PrivilegedActionException'> (0x0000000795dccf40) thrown at [/Users/java_re/workspace/8-2-build-macosx-x86_64/jdk8u77/6540/hotspot/src/share/vm/prims/jvm.cpp, line 1386]
Event: 0.705 Thread 0x00007f814380b800 Exception <a 'java/security/PrivilegedActionException'> (0x0000000795dcd150) thrown at [/Users/java_re/workspace/8-2-build-macosx-x86_64/jdk8u77/6540/hotspot/src/share/vm/prims/jvm.cpp, line 1386]
Event: 0.705 Thread 0x00007f814380b800 Exception <a 'java/security/PrivilegedActionException'> (0x0000000795dd03f0) thrown at [/Users/java_re/workspace/8-2-build-macosx-x86_64/jdk8u77/6540/hotspot/src/share/vm/prims/jvm.cpp, line 1386]
Event: 0.705 Thread 0x00007f814380b800 Exception <a 'java/security/PrivilegedActionException'> (0x0000000795dd0600) thrown at [/Users/java_re/workspace/8-2-build-macosx-x86_64/jdk8u77/6540/hotspot/src/share/vm/prims/jvm.cpp, line 1386]
Event: 0.991 Thread 0x00007f814380b800 Implicit null exception at 0x000000010440bf25 to 0x000000010440c035
Event: 1.304 Thread 0x00007f814380b800 Implicit null exception at 0x0000000104439476 to 0x00000001044398c5

Events (10 events):
Event: 1995.060 Executing VM operation: ChangeBreakpoints
Event: 1995.060 Executing VM operation: ChangeBreakpoints done
Event: 1995.061 Executing VM operation: ChangeBreakpoints
Event: 1995.062 Executing VM operation: ChangeBreakpoints done
Event: 1995.064 Executing VM operation: ChangeBreakpoints
Event: 1995.064 Executing VM operation: ChangeBreakpoints done
Event: 1995.065 Executing VM operation: ChangeBreakpoints
Event: 1995.066 Executing VM operation: ChangeBreakpoints done
Event: 1995.067 Executing VM operation: ChangeBreakpoints
Event: 1995.067 Executing VM operation: ChangeBreakpoints done


Dynamic libraries:
0x0000000003c3d000 	/System/Library/Frameworks/Cocoa.framework/Versions/A/Cocoa
0x0000000003c3d000 	/System/Library/Frameworks/Security.framework/Versions/A/Security
0x0000000003c3d000 	/System/Library/Frameworks/ApplicationServices.framework/Versions/A/ApplicationServices
0x0000000003c3d000 	/usr/lib/libz.1.dylib
0x0000000003c3d000 	/usr/lib/libSystem.B.dylib
0x0000000003c3d000 	/usr/lib/libobjc.A.dylib
0x0000000003c3d000 	/System/Library/Frameworks/CoreFoundation.framework/Versions/A/CoreFoundation
0x0000000003c3d000 	/System/Library/Frameworks/Foundation.framework/Versions/C/Foundation
0x0000000003c3d000 	/System/Library/Frameworks/AppKit.framework/Versions/C/AppKit
0x0000000003c3d000 	/System/Library/Frameworks/CoreData.framework/Versions/A/CoreData
0x0000000003c3d000 	/System/Library/PrivateFrameworks/RemoteViewServices.framework/Versions/A/RemoteViewServices
0x0000000003c3d000 	/System/Library/PrivateFrameworks/UIFoundation.framework/Versions/A/UIFoundation
0x0000000003c3d000 	/usr/lib/libScreenReader.dylib
0x0000000003c3d000 	/System/Library/Frameworks/Accelerate.framework/Versions/A/Accelerate
0x0000000003c3d000 	/System/Library/Frameworks/IOSurface.framework/Versions/A/IOSurface
0x0000000003c3d000 	/System/Library/Frameworks/AudioToolbox.framework/Versions/A/AudioToolbox
0x0000000003c3d000 	/System/Library/Frameworks/AudioUnit.framework/Versions/A/AudioUnit
0x0000000003c3d000 	/System/Library/PrivateFrameworks/DataDetectorsCore.framework/Versions/A/DataDetectorsCore
0x0000000003c3d000 	/System/Library/PrivateFrameworks/DesktopServicesPriv.framework/Versions/A/DesktopServicesPriv
0x0000000003c3d000 	/System/Library/Frameworks/Carbon.framework/Versions/A/Frameworks/HIToolbox.framework/Versions/A/HIToolbox
0x0000000003c3d000 	/System/Library/Frameworks/QuartzCore.framework/Versions/A/QuartzCore
0x0000000003c3d000 	/System/Library/Frameworks/Carbon.framework/Versions/A/Frameworks/SpeechRecognition.framework/Versions/A/SpeechRecognition
0x0000000003c3d000 	/usr/lib/libauto.dylib
0x0000000003c3d000 	/usr/lib/libicucore.A.dylib
0x0000000003c3d000 	/usr/lib/libxml2.2.dylib
0x0000000003c3d000 	/System/Library/PrivateFrameworks/CoreUI.framework/Versions/A/CoreUI
0x0000000003c3d000 	/System/Library/Frameworks/CoreAudio.framework/Versions/A/CoreAudio
0x0000000003c3d000 	/System/Library/Frameworks/DiskArbitration.framework/Versions/A/DiskArbitration
0x0000000003c3d000 	/usr/lib/liblangid.dylib
0x0000000003c3d000 	/System/Library/PrivateFrameworks/MultitouchSupport.framework/Versions/A/MultitouchSupport
0x0000000003c3d000 	/System/Library/Frameworks/IOKit.framework/Versions/A/IOKit
0x0000000003c3d000 	/usr/lib/libDiagnosticMessagesClient.dylib
0x0000000003c3d000 	/System/Library/Frameworks/CoreServices.framework/Versions/A/CoreServices
0x0000000003c3d000 	/System/Library/PrivateFrameworks/PerformanceAnalysis.framework/Versions/A/PerformanceAnalysis
0x0000000003c3d000 	/System/Library/PrivateFrameworks/GenerationalStorage.framework/Versions/A/GenerationalStorage
0x0000000003c3d000 	/System/Library/Frameworks/OpenGL.framework/Versions/A/OpenGL
0x0000000003c3d000 	/System/Library/PrivateFrameworks/Sharing.framework/Versions/A/Sharing
0x0000000003c3d000 	/System/Library/Frameworks/CoreGraphics.framework/Versions/A/CoreGraphics
0x0000000003c3d000 	/System/Library/Frameworks/CoreImage.framework/Versions/A/CoreImage
0x0000000003c3d000 	/System/Library/Frameworks/CoreText.framework/Versions/A/CoreText
0x0000000003c3d000 	/System/Library/Frameworks/ImageIO.framework/Versions/A/ImageIO
0x0000000003c3d000 	/System/Library/PrivateFrameworks/Backup.framework/Versions/A/Backup
0x0000000003c3d000 	/usr/lib/libextension.dylib
0x0000000003c3d000 	/usr/lib/libarchive.2.dylib
0x0000000003c3d000 	/System/Library/Frameworks/CFNetwork.framework/Versions/A/CFNetwork
0x0000000003c3d000 	/System/Library/Frameworks/SystemConfiguration.framework/Versions/A/SystemConfiguration
0x0000000003c3d000 	/usr/lib/libCRFSuite.dylib
0x0000000003c3d000 	/usr/lib/libc++.1.dylib
0x0000000003c3d000 	/usr/lib/libc++abi.dylib
0x0000000003c3d000 	/usr/lib/system/libcache.dylib
0x0000000003c3d000 	/usr/lib/system/libcommonCrypto.dylib
0x0000000003c3d000 	/usr/lib/system/libcompiler_rt.dylib
0x0000000003c3d000 	/usr/lib/system/libcopyfile.dylib
0x0000000003c3d000 	/usr/lib/system/libcorecrypto.dylib
0x0000000003c3d000 	/usr/lib/system/libdispatch.dylib
0x0000000003c3d000 	/usr/lib/system/libdyld.dylib
0x0000000003c3d000 	/usr/lib/system/libkeymgr.dylib
0x0000000003c3d000 	/usr/lib/system/liblaunch.dylib
0x0000000003c3d000 	/usr/lib/system/libmacho.dylib
0x0000000003c3d000 	/usr/lib/system/libquarantine.dylib
0x0000000003c3d000 	/usr/lib/system/libremovefile.dylib
0x0000000003c3d000 	/usr/lib/system/libsystem_asl.dylib
0x0000000003c3d000 	/usr/lib/system/libsystem_blocks.dylib
0x0000000003c3d000 	/usr/lib/system/libsystem_c.dylib
0x0000000003c3d000 	/usr/lib/system/libsystem_configuration.dylib
0x0000000003c3d000 	/usr/lib/system/libsystem_coreservices.dylib
0x0000000003c3d000 	/usr/lib/system/libsystem_coretls.dylib
0x0000000003c3d000 	/usr/lib/system/libsystem_dnssd.dylib
0x0000000003c3d000 	/usr/lib/system/libsystem_info.dylib
0x0000000003c3d000 	/usr/lib/system/libsystem_kernel.dylib
0x0000000003c3d000 	/usr/lib/system/libsystem_m.dylib
0x0000000003c3d000 	/usr/lib/system/libsystem_malloc.dylib
0x0000000003c3d000 	/usr/lib/system/libsystem_network.dylib
0x0000000003c3d000 	/usr/lib/system/libsystem_networkextension.dylib
0x0000000003c3d000 	/usr/lib/system/libsystem_notify.dylib
0x0000000003c3d000 	/usr/lib/system/libsystem_platform.dylib
0x0000000003c3d000 	/usr/lib/system/libsystem_pthread.dylib
0x0000000003c3d000 	/usr/lib/system/libsystem_sandbox.dylib
0x0000000003c3d000 	/usr/lib/system/libsystem_secinit.dylib
0x0000000003c3d000 	/usr/lib/system/libsystem_trace.dylib
0x0000000003c3d000 	/usr/lib/system/libunc.dylib
0x0000000003c3d000 	/usr/lib/system/libunwind.dylib
0x0000000003c3d000 	/usr/lib/system/libxpc.dylib
0x0000000003c3d000 	/usr/lib/libenergytrace.dylib
0x0000000003c3d000 	/usr/lib/libbsm.0.dylib
0x0000000003c3d000 	/usr/lib/system/libkxld.dylib
0x0000000003c3d000 	/usr/lib/libxar.1.dylib
0x0000000003c3d000 	/usr/lib/libsqlite3.dylib
0x0000000003c3d000 	/usr/lib/libpam.2.dylib
0x0000000003c3d000 	/usr/lib/libOpenScriptingUtil.dylib
0x0000000003c3d000 	/usr/lib/libbz2.1.0.dylib
0x0000000003c3d000 	/usr/lib/liblzma.5.dylib
0x0000000003c3d000 	/System/Library/Frameworks/CoreServices.framework/Versions/A/Frameworks/FSEvents.framework/Versions/A/FSEvents
0x0000000003c3d000 	/System/Library/Frameworks/CoreServices.framework/Versions/A/Frameworks/CarbonCore.framework/Versions/A/CarbonCore
0x0000000003c3d000 	/System/Library/Frameworks/CoreServices.framework/Versions/A/Frameworks/Metadata.framework/Versions/A/Metadata
0x0000000003c3d000 	/System/Library/Frameworks/CoreServices.framework/Versions/A/Frameworks/OSServices.framework/Versions/A/OSServices
0x0000000003c3d000 	/System/Library/Frameworks/CoreServices.framework/Versions/A/Frameworks/SearchKit.framework/Versions/A/SearchKit
0x0000000003c3d000 	/System/Library/Frameworks/CoreServices.framework/Versions/A/Frameworks/AE.framework/Versions/A/AE
0x0000000003c3d000 	/System/Library/Frameworks/CoreServices.framework/Versions/A/Frameworks/LaunchServices.framework/Versions/A/LaunchServices
0x0000000003c3d000 	/System/Library/Frameworks/CoreServices.framework/Versions/A/Frameworks/DictionaryServices.framework/Versions/A/DictionaryServices
0x0000000003c3d000 	/System/Library/Frameworks/CoreServices.framework/Versions/A/Frameworks/SharedFileList.framework/Versions/A/SharedFileList
0x0000000003c3d000 	/System/Library/Frameworks/NetFS.framework/Versions/A/NetFS
0x0000000003c3d000 	/System/Library/PrivateFrameworks/NetAuth.framework/Versions/A/NetAuth
0x0000000003c3d000 	/System/Library/PrivateFrameworks/login.framework/Versions/A/Frameworks/loginsupport.framework/Versions/A/loginsupport
0x0000000003c3d000 	/System/Library/PrivateFrameworks/TCC.framework/Versions/A/TCC
0x0000000003c3d000 	/usr/lib/libmecabra.dylib
0x0000000003c3d000 	/System/Library/Frameworks/ApplicationServices.framework/Versions/A/Frameworks/ATS.framework/Versions/A/ATS
0x0000000003c3d000 	/System/Library/Frameworks/ApplicationServices.framework/Versions/A/Frameworks/ColorSync.framework/Versions/A/ColorSync
0x0000000003c3d000 	/System/Library/Frameworks/ApplicationServices.framework/Versions/A/Frameworks/HIServices.framework/Versions/A/HIServices
0x0000000003c3d000 	/System/Library/Frameworks/ApplicationServices.framework/Versions/A/Frameworks/LangAnalysis.framework/Versions/A/LangAnalysis
0x0000000003c3d000 	/System/Library/Frameworks/ApplicationServices.framework/Versions/A/Frameworks/PrintCore.framework/Versions/A/PrintCore
0x0000000003c3d000 	/System/Library/Frameworks/ApplicationServices.framework/Versions/A/Frameworks/QD.framework/Versions/A/QD
0x0000000003c3d000 	/System/Library/Frameworks/ApplicationServices.framework/Versions/A/Frameworks/SpeechSynthesis.framework/Versions/A/SpeechSynthesis
0x0000000003c3d000 	/System/Library/Frameworks/Metal.framework/Versions/A/Metal
0x0000000003c3d000 	/System/Library/Frameworks/Accelerate.framework/Versions/A/Frameworks/vImage.framework/Versions/A/vImage
0x0000000003c3d000 	/System/Library/Frameworks/Accelerate.framework/Versions/A/Frameworks/vecLib.framework/Versions/A/vecLib
0x0000000003c3d000 	/System/Library/Frameworks/Accelerate.framework/Versions/A/Frameworks/vecLib.framework/Versions/A/libvDSP.dylib
0x0000000003c3d000 	/System/Library/Frameworks/Accelerate.framework/Versions/A/Frameworks/vecLib.framework/Versions/A/libvMisc.dylib
0x0000000003c3d000 	/System/Library/Frameworks/Accelerate.framework/Versions/A/Frameworks/vecLib.framework/Versions/A/libLAPACK.dylib
0x0000000003c3d000 	/System/Library/Frameworks/Accelerate.framework/Versions/A/Frameworks/vecLib.framework/Versions/A/libBLAS.dylib
0x0000000003c3d000 	/System/Library/Frameworks/Accelerate.framework/Versions/A/Frameworks/vecLib.framework/Versions/A/libLinearAlgebra.dylib
0x0000000003c3d000 	/System/Library/Frameworks/Accelerate.framework/Versions/A/Frameworks/vecLib.framework/Versions/A/libSparseBLAS.dylib
0x0000000003c3d000 	/System/Library/PrivateFrameworks/GPUCompiler.framework/libmetal_timestamp.dylib
0x0000000003c3d000 	/System/Library/Frameworks/OpenGL.framework/Versions/A/Libraries/libCoreFSCache.dylib
0x0000000003c3d000 	/System/Library/PrivateFrameworks/IOAccelerator.framework/Versions/A/IOAccelerator
0x0000000003c3d000 	/System/Library/Frameworks/ApplicationServices.framework/Versions/A/Frameworks/ATS.framework/Versions/A/Resources/libFontParser.dylib
0x0000000003c3d000 	/System/Library/Frameworks/ApplicationServices.framework/Versions/A/Frameworks/ATS.framework/Versions/A/Resources/libFontRegistry.dylib
0x0000000003c3d000 	/System/Library/PrivateFrameworks/AppleVPA.framework/Versions/A/AppleVPA
0x0000000003c3d000 	/System/Library/PrivateFrameworks/AppleJPEG.framework/Versions/A/AppleJPEG
0x0000000003c3d000 	/System/Library/Frameworks/ImageIO.framework/Versions/A/Resources/libJPEG.dylib
0x0000000003c3d000 	/System/Library/Frameworks/ImageIO.framework/Versions/A/Resources/libTIFF.dylib
0x0000000003c3d000 	/System/Library/Frameworks/ImageIO.framework/Versions/A/Resources/libPng.dylib
0x0000000003c3d000 	/System/Library/Frameworks/ImageIO.framework/Versions/A/Resources/libGIF.dylib
0x0000000003c3d000 	/System/Library/Frameworks/ImageIO.framework/Versions/A/Resources/libJP2.dylib
0x0000000003c3d000 	/System/Library/Frameworks/ImageIO.framework/Versions/A/Resources/libRadiance.dylib
0x0000000003c3d000 	/System/Library/Frameworks/CoreVideo.framework/Versions/A/CoreVideo
0x0000000003c3d000 	/System/Library/Frameworks/OpenGL.framework/Versions/A/Libraries/libGLU.dylib
0x0000000003c3d000 	/System/Library/Frameworks/OpenGL.framework/Versions/A/Libraries/libGFXShared.dylib
0x0000000003c3d000 	/System/Library/Frameworks/OpenGL.framework/Versions/A/Libraries/libGL.dylib
0x0000000003c3d000 	/System/Library/Frameworks/OpenGL.framework/Versions/A/Libraries/libGLImage.dylib
0x0000000003c3d000 	/System/Library/Frameworks/OpenGL.framework/Versions/A/Libraries/libCVMSPluginSupport.dylib
0x0000000003c3d000 	/System/Library/Frameworks/OpenGL.framework/Versions/A/Libraries/libCoreVMClient.dylib
0x0000000003c3d000 	/usr/lib/libcompression.dylib
0x0000000003c3d000 	/usr/lib/libcups.2.dylib
0x0000000003c3d000 	/System/Library/Frameworks/Kerberos.framework/Versions/A/Kerberos
0x0000000003c3d000 	/System/Library/Frameworks/GSS.framework/Versions/A/GSS
0x0000000003c3d000 	/usr/lib/libresolv.9.dylib
0x0000000003c3d000 	/usr/lib/libiconv.2.dylib
0x0000000003c3d000 	/System/Library/PrivateFrameworks/Heimdal.framework/Versions/A/Heimdal
0x0000000003c3d000 	/usr/lib/libheimdal-asn1.dylib
0x0000000003c3d000 	/System/Library/Frameworks/OpenDirectory.framework/Versions/A/OpenDirectory
0x0000000003c3d000 	/System/Library/PrivateFrameworks/CommonAuth.framework/Versions/A/CommonAuth
0x0000000003c3d000 	/System/Library/Frameworks/OpenDirectory.framework/Versions/A/Frameworks/CFOpenDirectory.framework/Versions/A/CFOpenDirectory
0x0000000003c3d000 	/System/Library/Frameworks/SecurityFoundation.framework/Versions/A/SecurityFoundation
0x0000000003c3d000 	/System/Library/PrivateFrameworks/LanguageModeling.framework/Versions/A/LanguageModeling
0x0000000003c3d000 	/usr/lib/libmarisa.dylib
0x0000000003c3d000 	/usr/lib/libChineseTokenizer.dylib
0x0000000003c3d000 	/usr/lib/libcmph.dylib
0x0000000003c3d000 	/System/Library/Frameworks/ServiceManagement.framework/Versions/A/ServiceManagement
0x0000000003c3d000 	/usr/lib/libxslt.1.dylib
0x0000000003c3d000 	/System/Library/Frameworks/Carbon.framework/Versions/A/Frameworks/Ink.framework/Versions/A/Ink
0x0000000003c3d000 	/usr/lib/libFosl_dynamic.dylib
0x0000000003c3d000 	/System/Library/PrivateFrameworks/FaceCore.framework/Versions/A/FaceCore
0x0000000003c3d000 	/System/Library/Frameworks/OpenCL.framework/Versions/A/OpenCL
0x0000000003c3d000 	/System/Library/PrivateFrameworks/CrashReporterSupport.framework/Versions/A/CrashReporterSupport
0x0000000003c3d000 	/System/Library/PrivateFrameworks/IconServices.framework/Versions/A/IconServices
0x0000000003c3d000 	/System/Library/PrivateFrameworks/Apple80211.framework/Versions/A/Apple80211
0x0000000003c3d000 	/System/Library/Frameworks/CoreWLAN.framework/Versions/A/CoreWLAN
0x0000000003c3d000 	/System/Library/Frameworks/IOBluetooth.framework/Versions/A/IOBluetooth
0x0000000003c3d000 	/System/Library/PrivateFrameworks/CoreWiFi.framework/Versions/A/CoreWiFi
0x0000000003c3d000 	/System/Library/Frameworks/CoreBluetooth.framework/Versions/A/CoreBluetooth
0x0000000003c3d000 	/System/Library/PrivateFrameworks/ChunkingLibrary.framework/Versions/A/ChunkingLibrary
0x0000000003c3d000 	/System/Library/PrivateFrameworks/DebugSymbols.framework/Versions/A/DebugSymbols
0x0000000003c3d000 	/System/Library/PrivateFrameworks/CoreSymbolication.framework/Versions/A/CoreSymbolication
0x0000000003c3d000 	/System/Library/PrivateFrameworks/Symbolication.framework/Versions/A/Symbolication
0x0000000003c3d000 	/System/Library/PrivateFrameworks/SpeechRecognitionCore.framework/Versions/A/SpeechRecognitionCore
0x0000000103200000 	/Library/Java/JavaVirtualMachines/jdk1.8.0_77.jdk/Contents/Home/jre/lib/server/libjvm.dylib
0x0000000003c3d000 	/usr/lib/libstdc++.6.dylib
0x0000000102889000 	/Library/Java/JavaVirtualMachines/jdk1.8.0_77.jdk/Contents/Home/jre/lib/libverify.dylib
0x0000000102897000 	/Library/Java/JavaVirtualMachines/jdk1.8.0_77.jdk/Contents/Home/jre/lib/libjava.dylib
0x00000001028cd000 	/Library/Java/JavaVirtualMachines/jdk1.8.0_77.jdk/Contents/Home/jre/lib/libjdwp.dylib
0x0000000102918000 	/Library/Java/JavaVirtualMachines/jdk1.8.0_77.jdk/Contents/Home/jre/lib/libnpt.dylib
0x0000000102925000 	/Library/Java/JavaVirtualMachines/jdk1.8.0_77.jdk/Contents/Home/jre/lib/libzip.dylib
0x0000000119a26000 	/System/Library/Frameworks/JavaVM.framework/Frameworks/JavaRuntimeSupport.framework/JavaRuntimeSupport
0x0000000119a41000 	/System/Library/Frameworks/JavaVM.framework/Versions/A/Frameworks/JavaNativeFoundation.framework/Versions/A/JavaNativeFoundation
0x0000000119a56000 	/System/Library/Frameworks/JavaVM.framework/Versions/A/JavaVM
0x0000000003c3d000 	/System/Library/Frameworks/Carbon.framework/Versions/A/Carbon
0x0000000119a63000 	/System/Library/PrivateFrameworks/JavaLaunching.framework/Versions/A/JavaLaunching
0x0000000003c3d000 	/System/Library/Frameworks/Carbon.framework/Versions/A/Frameworks/CommonPanels.framework/Versions/A/CommonPanels
0x0000000003c3d000 	/System/Library/Frameworks/Carbon.framework/Versions/A/Frameworks/Help.framework/Versions/A/Help
0x0000000003c3d000 	/System/Library/Frameworks/Carbon.framework/Versions/A/Frameworks/ImageCapture.framework/Versions/A/ImageCapture
0x0000000003c3d000 	/System/Library/Frameworks/Carbon.framework/Versions/A/Frameworks/OpenScripting.framework/Versions/A/OpenScripting
0x0000000003c3d000 	/System/Library/Frameworks/Carbon.framework/Versions/A/Frameworks/Print.framework/Versions/A/Print
0x0000000003c3d000 	/System/Library/Frameworks/Carbon.framework/Versions/A/Frameworks/SecurityHI.framework/Versions/A/SecurityHI
0x000000011b382000 	/Library/Java/JavaVirtualMachines/jdk1.8.0_77.jdk/Contents/Home/jre/lib/libdt_socket.dylib

VM Arguments:
jvm_args: -agentlib:jdwp=transport=dt_socket,address=127.0.0.1:50046,suspend=y,server=n -Dfile.encoding=UTF-8 
java_command: XQuery
java_class_path (initial): /Library/Java/JavaVirtualMachines/jdk1.8.0_77.jdk/Contents/Home/jre/lib/charsets.jar:/Library/Java/JavaVirtualMachines/jdk1.8.0_77.jdk/Contents/Home/jre/lib/deploy.jar:/Library/Java/JavaVirtualMachines/jdk1.8.0_77.jdk/Contents/Home/jre/lib/ext/cldrdata.jar:/Library/Java/JavaVirtualMachines/jdk1.8.0_77.jdk/Contents/Home/jre/lib/ext/dnsns.jar:/Library/Java/JavaVirtualMachines/jdk1.8.0_77.jdk/Contents/Home/jre/lib/ext/jaccess.jar:/Library/Java/JavaVirtualMachines/jdk1.8.0_77.jdk/Contents/Home/jre/lib/ext/jfxrt.jar:/Library/Java/JavaVirtualMachines/jdk1.8.0_77.jdk/Contents/Home/jre/lib/ext/localedata.jar:/Library/Java/JavaVirtualMachines/jdk1.8.0_77.jdk/Contents/Home/jre/lib/ext/nashorn.jar:/Library/Java/JavaVirtualMachines/jdk1.8.0_77.jdk/Contents/Home/jre/lib/ext/sunec.jar:/Library/Java/JavaVirtualMachines/jdk1.8.0_77.jdk/Contents/Home/jre/lib/ext/sunjce_provider.jar:/Library/Java/JavaVirtualMachines/jdk1.8.0_77.jdk/Contents/Home/jre/lib/ext/sunpkcs11.jar:/Library/Java/JavaVirtualMachines/jdk1.8.0_77.jdk/Contents/Home/jre/lib/ext/zipfs.jar:/Library/Java/JavaVirtualMachines/jdk1.8.0_77.jdk/Contents/Home/jre/lib/javaws.jar:/Library/Java/JavaVirtualMachines/jdk1.8.0_77.jdk/Contents/Home/jre/lib/jce.jar:/Library/Java/JavaVirtualMachines/jdk1.8.0_77.jdk/Contents/Home/jre/lib/jfr.jar:/Library/Java/JavaVirtualMachines/jdk1.8.0_77.jdk/Contents/Home/jre/lib/jfxswt.jar:/Library/Java/JavaVirtualMachines/jdk1.8.0_77.jdk/Contents/Home/jre/lib/jsse.jar:/Library/Java/JavaVirtualMachines/jdk1.8.0_77.jdk/Contents/Home/jre/lib/management-agent.jar:/Library/Java/JavaVirtualMachines/jdk1.8.0_77.jdk/Contents/Home/jre/lib/plugin.jar:/Library/Java/JavaVirtualMachines/jdk1.8.0_77.jdk/Contents/Home/jre/lib/resources.jar:/Library/Java/JavaVirtualMachines/jdk1.8.0_77.jdk/Contents/Home/jre/lib/rt.jar:/Library/Java/JavaVirtualMachines/jdk1.8.0_77.jdk/Contents/Home/lib/ant-javafx.jar:/Library/Java/JavaVirtualMachines/jdk1.8.0_77.jdk/Contents/Home/lib/dt.jar:/Library/Ja
Launcher Type: SUN_STANDARD

Environment Variables:
CLASSPATH=.:/usr/local/lib/antlr-4.5.3-complete.jar:
PATH=/Users/onion/anaconda/bin:/usr/local/bin:/usr/bin:/bin:/usr/sbin:/sbin:/Library/TeX/texbin
SHELL=/bin/bash

Signal Handlers:
SIGSEGV: [libjvm.dylib+0x5a6855], sa_mask[0]=11111111011111110111111111111111, sa_flags=SA_ONSTACK|SA_RESTART|SA_SIGINFO
SIGBUS: [libjvm.dylib+0x5a6855], sa_mask[0]=11111111011111110111111111111111, sa_flags=SA_RESTART|SA_SIGINFO
SIGFPE: [libjvm.dylib+0x4804ec], sa_mask[0]=11111111011111110111111111111111, sa_flags=SA_RESTART|SA_SIGINFO
SIGPIPE: [libjvm.dylib+0x4804ec], sa_mask[0]=11111111011111110111111111111111, sa_flags=SA_RESTART|SA_SIGINFO
SIGXFSZ: [libjvm.dylib+0x4804ec], sa_mask[0]=11111111011111110111111111111111, sa_flags=SA_RESTART|SA_SIGINFO
SIGILL: [libjvm.dylib+0x4804ec], sa_mask[0]=11111111011111110111111111111111, sa_flags=SA_RESTART|SA_SIGINFO
SIGUSR1: SIG_DFL, sa_mask[0]=00000000000000000000000000000000, sa_flags=none
SIGUSR2: [libjvm.dylib+0x48000a], sa_mask[0]=00100000000000000000000000000000, sa_flags=SA_RESTART|SA_SIGINFO
SIGHUP: [libjvm.dylib+0x47e5e1], sa_mask[0]=11111111011111110111111111111111, sa_flags=SA_RESTART|SA_SIGINFO
SIGINT: [libjvm.dylib+0x47e5e1], sa_mask[0]=11111111011111110111111111111111, sa_flags=SA_RESTART|SA_SIGINFO
SIGTERM: [libjvm.dylib+0x47e5e1], sa_mask[0]=11111111011111110111111111111111, sa_flags=SA_RESTART|SA_SIGINFO
SIGQUIT: [libjvm.dylib+0x47e5e1], sa_mask[0]=11111111011111110111111111111111, sa_flags=SA_RESTART|SA_SIGINFO


---------------  S Y S T E M  ---------------

OS:Bsduname:Darwin 15.6.0 Darwin Kernel Version 15.6.0: Wed Nov  2 20:30:56 PDT 2016; root:xnu-3248.60.11.1.2~2/RELEASE_X86_64 x86_64
rlimit: STACK 8192k, CORE 0k, NPROC 709, NOFILE 10240, AS infinity
load average:5.81 6.03 5.87

CPU:total 4 (2 cores per cpu, 2 threads per core) family 6 model 61 stepping 4, cmov, cx8, fxsr, mmx, sse, sse2, sse3, ssse3, sse4.1, sse4.2, popcnt, avx, avx2, aes, clmul, erms, 3dnowpref, lzcnt, ht, tsc, tscinvbit, bmi1, bmi2, adx

Memory: 4k page, physical 8388608k(874460k free)

/proc/meminfo:


vm_info: Java HotSpot(TM) 64-Bit Server VM (25.77-b03) for bsd-amd64 JRE (1.8.0_77-b03), built on Mar 20 2016 22:14:03 by "java_re" with gcc 4.2.1 (Based on Apple Inc. build 5658) (LLVM build 2336.11.00)

time: Tue Feb 21 23:42:44 2017
elapsed time: 1995 seconds (0d 0h 33m 15s)

