#
# A fatal error has been detected by the Java Runtime Environment:
#
#  SIGSEGV (0xb) at pc=0x000000010fefc2c8, pid=792, tid=17155
#
# JRE version: Java(TM) SE Runtime Environment (8.0_77-b03) (build 1.8.0_77-b03)
# Java VM: Java HotSpot(TM) 64-Bit Server VM (25.77-b03 mixed mode bsd-amd64 compressed oops)
# Problematic frame:
# V  [libjvm.dylib+0x4462c8]
#
# Failed to write core dump. Core dumps have been disabled. To enable core dumping, try "ulimit -c unlimited" before starting Java again
#
# If you would like to submit a bug report, please visit:
#   http://bugreport.java.com/bugreport/crash.jsp
#

---------------  T H R E A D  ---------------

Current thread (0x00007fe6bc052000):  JavaThread "JDWP Transport Listener: dt_socket" daemon [_thread_in_vm, id=17155, stack(0x0000700000bbe000,0x0000700000cbe000)]

siginfo: si_signo: 11 (SIGSEGV), si_code: 0 (unknown), si_addr: 0x0000000000000000

Registers:
RAX=0x0000000000000001, RBX=0x0000700000cbda8b, RCX=0x00000001102cb340, RDX=0x0000700000cbda8b
RSP=0x0000700000cbd9d0, RBP=0x0000700000cbd9e0, RSI=0x00007fe6bc052000, RDI=0x00020007955efae0
R8 =0x0000000000000004, R9 =0x00007fe6ba5296e0, R10=0x0000000067c7bdda, R11=0x00007fe6ba500000
R12=0x00007fe6bc052000, R13=0x00020007955efae0, R14=0x00020007955efae0, R15=0x00007fe6ba415cf0
RIP=0x000000010fefc2c8, EFLAGS=0x0000000000010202, ERR=0x0000000000000000
  TRAPNO=0x000000000000000d

Top of Stack: (sp=0x0000700000cbd9d0)
0x0000700000cbd9d0:   0000700000cbda8b 0000700000cbda8b
0x0000700000cbd9e0:   0000700000cbda40 000000010fe0b2fe
0x0000700000cbd9f0:   00007fe6bc052000 0000000000000000
0x0000700000cbda00:   0000000000000000 0000000000000000
0x0000700000cbda10:   00007fe6bc052000 00007fe6bc052000
0x0000700000cbda20:   0000700000cbda8b 0000700000cbda90
0x0000700000cbda30:   00020007955efae0 0000000000000003
0x0000700000cbda40:   0000700000cbda60 0000000110aad780
0x0000700000cbda50:   0000000000000001 0000700000cbdb08
0x0000700000cbda60:   0000700000cbdad0 0000000110a921f3
0x0000700000cbda70:   0000700000cbdaa0 00007fe6ba523690
0x0000700000cbda80:   0000000400000032 0000000900cbdb08
0x0000700000cbda90:   0000000000000000 0000000000000000
0x0000700000cbdaa0:   0000000000000000 0000700000cbdc90
0x0000700000cbdab0:   0000000110ab4e7a 00007fe6ba718bc0
0x0000700000cbdac0:   0000700000cbdb08 0000000110ac0598
0x0000700000cbdad0:   0000700000cbdae0 0000000110a922ec
0x0000700000cbdae0:   0000700000cbdd00 0000000110a9b898
0x0000700000cbdaf0:   0001d3bd00000013 00000000000f0200
0x0000700000cbdb00:   00007fe6ba727ff0 00007fe6ba52a9e7
0x0000700000cbdb10:   00007fe6000001a1 00007fe6ba514530
0x0000700000cbdb20:   00007fe60000012c 0000700000cbdb58
0x0000700000cbdb30:   00007fe6ba514530 0000000000000000
0x0000700000cbdb40:   0001d3bd0000000f 0000000000000080
0x0000700000cbdb50:   0000700000cbdb58 e67f000004000000
0x0000700000cbdb60:   08000000a85245ba 6d656c45656b616d
0x0000700000cbdb70:   726f4c2856000000 6f642f6333772f67
0x0000700000cbdb80:   656d75636f442f6d 6176616a4c3b746e
0x0000700000cbdb90:   74532f676e616c2f 616a4c3b676e6972
0x0000700000cbdba0:   2f6c6974752f6176 694c64656b6e694c
0x0000700000cbdbb0:   76616a4c293b7473 4c2f6c6974752f61
0x0000700000cbdbc0:   73694c64656b6e69 4c287e0000003b74 

Instructions: (pc=0x000000010fefc2c8)
0x000000010fefc2a8:   40 48 48 85 c0 75 e0 30 c0 0f b6 c0 5d c3 31 c0
0x000000010fefc2b8:   5d c3 55 48 89 e5 53 48 83 ec 08 48 85 ff 74 24
0x000000010fefc2c8:   48 8b 1f 48 85 db 74 1c 48 83 fb 37 74 16 48 8b
0x000000010fefc2d8:   03 48 89 df ff 50 10 84 c0 b8 00 00 00 00 48 0f 

Register to memory mapping:

RAX=0x0000000000000001 is an unknown value
RBX=0x0000700000cbda8b is pointing into the stack for thread: 0x00007fe6bc052000
RCX=0x00000001102cb340: UseMembar+0 in /Library/Java/JavaVirtualMachines/jdk1.8.0_77.jdk/Contents/Home/jre/lib/server/libjvm.dylib at 0x000000010fab6000
RDX=0x0000700000cbda8b is pointing into the stack for thread: 0x00007fe6bc052000
RSP=0x0000700000cbd9d0 is pointing into the stack for thread: 0x00007fe6bc052000
RBP=0x0000700000cbd9e0 is pointing into the stack for thread: 0x00007fe6bc052000
RSI=0x00007fe6bc052000 is a thread
RDI=0x00020007955efae0 is an unknown value
R8 =0x0000000000000004 is an unknown value
R9 =0x00007fe6ba5296e0 is an unknown value
R10=0x0000000067c7bdda is an unknown value
R11=0x00007fe6ba500000 is an unknown value
R12=0x00007fe6bc052000 is a thread
R13=0x00020007955efae0 is an unknown value
R14=0x00020007955efae0 is an unknown value
R15=0x00007fe6ba415cf0 is an unknown value


Stack: [0x0000700000bbe000,0x0000700000cbe000],  sp=0x0000700000cbd9d0,  free space=1022k
Native frames: (J=compiled Java code, j=interpreted, Vv=VM code, C=native code)
V  [libjvm.dylib+0x4462c8]
V  [libjvm.dylib+0x3552fe]
C  [libjdwp.dylib+0x20780]  isMethodSynthetic+0x63
C  [libjdwp.dylib+0x51f3]  methods1+0x10b
C  [libjdwp.dylib+0x52ec]  methodsWithGeneric+0xe
C  [libjdwp.dylib+0xe898]  debugLoop_run+0x1ce
C  [libjdwp.dylib+0x1f6ba]  attachThread+0x4d
V  [libjvm.dylib+0x39665c]
V  [libjvm.dylib+0x560e03]
V  [libjvm.dylib+0x5624fe]
V  [libjvm.dylib+0x482eda]
C  [libsystem_pthread.dylib+0x399d]  _pthread_body+0x83
C  [libsystem_pthread.dylib+0x391a]  _pthread_body+0x0
C  [libsystem_pthread.dylib+0x1351]  thread_start+0xd
C  0x0000000000000000


---------------  P R O C E S S  ---------------

Java Threads: ( => current thread )
  0x00007fe6bc068000 JavaThread "Service Thread" daemon [_thread_blocked, id=20227, stack(0x00007000011d0000,0x00007000012d0000)]
  0x00007fe6bb016000 JavaThread "C1 CompilerThread2" daemon [_thread_blocked, id=19715, stack(0x00007000010cd000,0x00007000011cd000)]
  0x00007fe6ba80f000 JavaThread "C2 CompilerThread1" daemon [_thread_blocked, id=19203, stack(0x0000700000fca000,0x00007000010ca000)]
  0x00007fe6bb845800 JavaThread "C2 CompilerThread0" daemon [_thread_blocked, id=18691, stack(0x0000700000ec7000,0x0000700000fc7000)]
  0x00007fe6bc05d800 JavaThread "JDWP Command Reader" daemon [_thread_in_native, id=18179, stack(0x0000700000dc4000,0x0000700000ec4000)]
  0x00007fe6bc053000 JavaThread "JDWP Event Helper Thread" daemon [_thread_blocked, id=17667, stack(0x0000700000cc1000,0x0000700000dc1000)]
=>0x00007fe6bc052000 JavaThread "JDWP Transport Listener: dt_socket" daemon [_thread_in_vm, id=17155, stack(0x0000700000bbe000,0x0000700000cbe000)]
  0x00007fe6bc04b000 JavaThread "Signal Dispatcher" daemon [_thread_blocked, id=16395, stack(0x0000700000abb000,0x0000700000bbb000)]
  0x00007fe6bc022800 JavaThread "Finalizer" daemon [_thread_blocked, id=12291, stack(0x000070000082f000,0x000070000092f000)]
  0x00007fe6ba841800 JavaThread "Reference Handler" daemon [_thread_blocked, id=11779, stack(0x000070000072c000,0x000070000082c000)]
  0x00007fe6ba82a800 JavaThread "main" [_thread_blocked, id=5891, stack(0x000070000011a000,0x000070000021a000)]

Other Threads:
  0x00007fe6bb004000 VMThread [stack: 0x0000700000629000,0x0000700000729000] [id=11267]
  0x00007fe6bb844800 WatcherThread [stack: 0x00007000012d3000,0x00007000013d3000] [id=20739]

VM state:not at safepoint (normal execution)

VM Mutex/Monitor currently owned by a thread: None

Heap:
 PSYoungGen      total 38400K, used 7987K [0x0000000795580000, 0x0000000798000000, 0x00000007c0000000)
  eden space 33280K, 24% used [0x0000000795580000,0x0000000795d4cdf0,0x0000000797600000)
  from space 5120K, 0% used [0x0000000797b00000,0x0000000797b00000,0x0000000798000000)
  to   space 5120K, 0% used [0x0000000797600000,0x0000000797600000,0x0000000797b00000)
 ParOldGen       total 87552K, used 0K [0x0000000740000000, 0x0000000745580000, 0x0000000795580000)
  object space 87552K, 0% used [0x0000000740000000,0x0000000740000000,0x0000000745580000)
 Metaspace       used 5032K, capacity 5504K, committed 5760K, reserved 1056768K
  class space    used 588K, capacity 624K, committed 640K, reserved 1048576K

Card table byte_map: [0x00000001207c0000,0x0000000120bc1000] byte_map_base: 0x000000011cdc0000

Marking Bits: (ParMarkBitMap*) 0x0000000110399ea0
 Begin Bits: [0x0000000120e6c000, 0x0000000122e6c000)
 End Bits:   [0x0000000122e6c000, 0x0000000124e6c000)

Polling page: 0x0000000110a8c000

CodeCache: size=245760Kb used=1827Kb max_used=1838Kb free=243932Kb
 bounds [0x0000000111400000, 0x0000000111670000, 0x0000000120400000]
 total_blobs=534 nmethods=287 adapters=169
 compilation: enabled

Compilation events (10 events):
Event: 0.740 Thread 0x00007fe6bb016000  283       3       java.lang.Math::max (11 bytes)
Event: 0.740 Thread 0x00007fe6bb016000 nmethod 283 0x00000001115bff90 code [0x00000001115c0100, 0x00000001115c0290]
Event: 0.745 Thread 0x00007fe6bb016000  284       3       java.util.AbstractSet::<init> (5 bytes)
Event: 0.745 Thread 0x00007fe6bb016000 nmethod 284 0x00000001115bfb10 code [0x00000001115bfc80, 0x00000001115bfe90]
Event: 0.745 Thread 0x00007fe6bb016000  285       3       java.util.HashSet::add (20 bytes)
Event: 0.746 Thread 0x00007fe6bb016000 nmethod 285 0x00000001115c7950 code [0x00000001115c7ae0, 0x00000001115c7ff8]
Event: 0.761 Thread 0x00007fe6bb016000  286       3       java.util.Arrays::copyOf (13 bytes)
Event: 0.761 Thread 0x00007fe6bb016000 nmethod 286 0x00000001115c81d0 code [0x00000001115c8340, 0x00000001115c8568]
Event: 0.766 Thread 0x00007fe6bb845800  287       4       java.lang.String::startsWith (7 bytes)
Event: 0.769 Thread 0x00007fe6bb845800 nmethod 287 0x00000001115cbad0 code [0x00000001115cbc20, 0x00000001115cbe38]

GC Heap History (0 events):
No events

Deoptimization events (7 events):
Event: 0.320 Thread 0x00007fe6ba82a800 Uncommon trap: reason=unstable_if action=reinterpret pc=0x000000011152068c method=java.lang.String.hashCode()I @ 14
Event: 0.413 Thread 0x00007fe6ba82a800 Uncommon trap: reason=unstable_if action=reinterpret pc=0x00000001115385dc method=java.lang.String.indexOf(II)I @ 49
Event: 0.734 Thread 0x00007fe6ba82a800 Uncommon trap: reason=unstable_if action=reinterpret pc=0x000000011158afd8 method=java.lang.String.indexOf([CII[CIII)I @ 123
Event: 0.734 Thread 0x00007fe6ba82a800 Uncommon trap: reason=unstable_if action=reinterpret pc=0x000000011156904c method=java.lang.String.indexOf([CII[CIII)I @ 123
Event: 0.735 Thread 0x00007fe6ba82a800 Uncommon trap: reason=unstable_if action=reinterpret pc=0x0000000111565dd8 method=sun.misc.URLClassPath.getLoader(I)Lsun/misc/URLClassPath$Loader; @ 36
Event: 0.736 Thread 0x00007fe6ba82a800 Uncommon trap: reason=unstable_if action=reinterpret pc=0x0000000111563494 method=sun.misc.URLClassPath.getLoader(I)Lsun/misc/URLClassPath$Loader; @ 36
Event: 0.736 Thread 0x00007fe6ba82a800 Uncommon trap: reason=unstable_if action=reinterpret pc=0x000000011158e378 method=sun.misc.MetaIndex.mayContain(Ljava/lang/String;)Z @ 13

Internal exceptions (10 events):
Event: 0.283 Thread 0x00007fe6ba82a800 Exception <a 'java/util/zip/ZipException'> (0x00000007957890b8) thrown at [/Users/java_re/workspace/8-2-build-macosx-x86_64/jdk8u77/6540/hotspot/src/share/vm/prims/jni.cpp, line 709]
Event: 0.290 Thread 0x00007fe6ba82a800 Exception <a 'java/security/PrivilegedActionException'> (0x00000007957892c0) thrown at [/Users/java_re/workspace/8-2-build-macosx-x86_64/jdk8u77/6540/hotspot/src/share/vm/prims/jvm.cpp, line 1386]
Event: 0.290 Thread 0x00007fe6ba82a800 Exception <a 'java/security/PrivilegedActionException'> (0x00000007957894d0) thrown at [/Users/java_re/workspace/8-2-build-macosx-x86_64/jdk8u77/6540/hotspot/src/share/vm/prims/jvm.cpp, line 1386]
Event: 0.300 Thread 0x00007fe6ba82a800 Exception <a 'java/util/zip/ZipException'> (0x000000079579ac90) thrown at [/Users/java_re/workspace/8-2-build-macosx-x86_64/jdk8u77/6540/hotspot/src/share/vm/prims/jni.cpp, line 709]
Event: 0.300 Thread 0x00007fe6ba82a800 Exception <a 'java/security/PrivilegedActionException'> (0x000000079579ae98) thrown at [/Users/java_re/workspace/8-2-build-macosx-x86_64/jdk8u77/6540/hotspot/src/share/vm/prims/jvm.cpp, line 1386]
Event: 0.300 Thread 0x00007fe6ba82a800 Exception <a 'java/security/PrivilegedActionException'> (0x000000079579b0a8) thrown at [/Users/java_re/workspace/8-2-build-macosx-x86_64/jdk8u77/6540/hotspot/src/share/vm/prims/jvm.cpp, line 1386]
Event: 0.736 Thread 0x00007fe6ba82a800 Exception <a 'java/security/PrivilegedActionException'> (0x0000000795d0c6b8) thrown at [/Users/java_re/workspace/8-2-build-macosx-x86_64/jdk8u77/6540/hotspot/src/share/vm/prims/jvm.cpp, line 1386]
Event: 0.736 Thread 0x00007fe6ba82a800 Exception <a 'java/security/PrivilegedActionException'> (0x0000000795d0c8c8) thrown at [/Users/java_re/workspace/8-2-build-macosx-x86_64/jdk8u77/6540/hotspot/src/share/vm/prims/jvm.cpp, line 1386]
Event: 0.736 Thread 0x00007fe6ba82a800 Exception <a 'java/security/PrivilegedActionException'> (0x0000000795d0fb68) thrown at [/Users/java_re/workspace/8-2-build-macosx-x86_64/jdk8u77/6540/hotspot/src/share/vm/prims/jvm.cpp, line 1386]
Event: 0.736 Thread 0x00007fe6ba82a800 Exception <a 'java/security/PrivilegedActionException'> (0x0000000795d0fd78) thrown at [/Users/java_re/workspace/8-2-build-macosx-x86_64/jdk8u77/6540/hotspot/src/share/vm/prims/jvm.cpp, line 1386]

Events (10 events):
Event: 1332.170 Executing VM operation: ChangeBreakpoints
Event: 1332.171 Executing VM operation: ChangeBreakpoints done
Event: 1332.172 Executing VM operation: ChangeBreakpoints
Event: 1332.172 Executing VM operation: ChangeBreakpoints done
Event: 1332.173 Executing VM operation: ChangeBreakpoints
Event: 1332.174 Executing VM operation: ChangeBreakpoints done
Event: 1332.175 Executing VM operation: ChangeBreakpoints
Event: 1332.176 Executing VM operation: ChangeBreakpoints done
Event: 1332.178 Executing VM operation: ChangeBreakpoints
Event: 1332.178 Executing VM operation: ChangeBreakpoints done


Dynamic libraries:
0x0000000003c3d000 	/System/Library/Frameworks/Cocoa.framework/Versions/A/Cocoa
0x0000000003c3d000 	/System/Library/Frameworks/Security.framework/Versions/A/Security
0x0000000003c3d000 	/System/Library/Frameworks/ApplicationServices.framework/Versions/A/ApplicationServices
0x0000000003c3d000 	/usr/lib/libz.1.dylib
0x0000000003c3d000 	/usr/lib/libSystem.B.dylib
0x0000000003c3d000 	/usr/lib/libobjc.A.dylib
0x0000000003c3d000 	/System/Library/Frameworks/CoreFoundation.framework/Versions/A/CoreFoundation
0x0000000003c3d000 	/System/Library/Frameworks/Foundation.framework/Versions/C/Foundation
0x0000000003c3d000 	/System/Library/Frameworks/AppKit.framework/Versions/C/AppKit
0x0000000003c3d000 	/System/Library/Frameworks/CoreData.framework/Versions/A/CoreData
0x0000000003c3d000 	/System/Library/PrivateFrameworks/RemoteViewServices.framework/Versions/A/RemoteViewServices
0x0000000003c3d000 	/System/Library/PrivateFrameworks/UIFoundation.framework/Versions/A/UIFoundation
0x0000000003c3d000 	/usr/lib/libScreenReader.dylib
0x0000000003c3d000 	/System/Library/Frameworks/Accelerate.framework/Versions/A/Accelerate
0x0000000003c3d000 	/System/Library/Frameworks/IOSurface.framework/Versions/A/IOSurface
0x0000000003c3d000 	/System/Library/Frameworks/AudioToolbox.framework/Versions/A/AudioToolbox
0x0000000003c3d000 	/System/Library/Frameworks/AudioUnit.framework/Versions/A/AudioUnit
0x0000000003c3d000 	/System/Library/PrivateFrameworks/DataDetectorsCore.framework/Versions/A/DataDetectorsCore
0x0000000003c3d000 	/System/Library/PrivateFrameworks/DesktopServicesPriv.framework/Versions/A/DesktopServicesPriv
0x0000000003c3d000 	/System/Library/Frameworks/Carbon.framework/Versions/A/Frameworks/HIToolbox.framework/Versions/A/HIToolbox
0x0000000003c3d000 	/System/Library/Frameworks/QuartzCore.framework/Versions/A/QuartzCore
0x0000000003c3d000 	/System/Library/Frameworks/Carbon.framework/Versions/A/Frameworks/SpeechRecognition.framework/Versions/A/SpeechRecognition
0x0000000003c3d000 	/usr/lib/libauto.dylib
0x0000000003c3d000 	/usr/lib/libicucore.A.dylib
0x0000000003c3d000 	/usr/lib/libxml2.2.dylib
0x0000000003c3d000 	/System/Library/PrivateFrameworks/CoreUI.framework/Versions/A/CoreUI
0x0000000003c3d000 	/System/Library/Frameworks/CoreAudio.framework/Versions/A/CoreAudio
0x0000000003c3d000 	/System/Library/Frameworks/DiskArbitration.framework/Versions/A/DiskArbitration
0x0000000003c3d000 	/usr/lib/liblangid.dylib
0x0000000003c3d000 	/System/Library/PrivateFrameworks/MultitouchSupport.framework/Versions/A/MultitouchSupport
0x0000000003c3d000 	/System/Library/Frameworks/IOKit.framework/Versions/A/IOKit
0x0000000003c3d000 	/usr/lib/libDiagnosticMessagesClient.dylib
0x0000000003c3d000 	/System/Library/Frameworks/CoreServices.framework/Versions/A/CoreServices
0x0000000003c3d000 	/System/Library/PrivateFrameworks/PerformanceAnalysis.framework/Versions/A/PerformanceAnalysis
0x0000000003c3d000 	/System/Library/PrivateFrameworks/GenerationalStorage.framework/Versions/A/GenerationalStorage
0x0000000003c3d000 	/System/Library/Frameworks/OpenGL.framework/Versions/A/OpenGL
0x0000000003c3d000 	/System/Library/PrivateFrameworks/Sharing.framework/Versions/A/Sharing
0x0000000003c3d000 	/System/Library/Frameworks/CoreGraphics.framework/Versions/A/CoreGraphics
0x0000000003c3d000 	/System/Library/Frameworks/CoreImage.framework/Versions/A/CoreImage
0x0000000003c3d000 	/System/Library/Frameworks/CoreText.framework/Versions/A/CoreText
0x0000000003c3d000 	/System/Library/Frameworks/ImageIO.framework/Versions/A/ImageIO
0x0000000003c3d000 	/System/Library/PrivateFrameworks/Backup.framework/Versions/A/Backup
0x0000000003c3d000 	/usr/lib/libextension.dylib
0x0000000003c3d000 	/usr/lib/libarchive.2.dylib
0x0000000003c3d000 	/System/Library/Frameworks/CFNetwork.framework/Versions/A/CFNetwork
0x0000000003c3d000 	/System/Library/Frameworks/SystemConfiguration.framework/Versions/A/SystemConfiguration
0x0000000003c3d000 	/usr/lib/libCRFSuite.dylib
0x0000000003c3d000 	/usr/lib/libc++.1.dylib
0x0000000003c3d000 	/usr/lib/libc++abi.dylib
0x0000000003c3d000 	/usr/lib/system/libcache.dylib
0x0000000003c3d000 	/usr/lib/system/libcommonCrypto.dylib
0x0000000003c3d000 	/usr/lib/system/libcompiler_rt.dylib
0x0000000003c3d000 	/usr/lib/system/libcopyfile.dylib
0x0000000003c3d000 	/usr/lib/system/libcorecrypto.dylib
0x0000000003c3d000 	/usr/lib/system/libdispatch.dylib
0x0000000003c3d000 	/usr/lib/system/libdyld.dylib
0x0000000003c3d000 	/usr/lib/system/libkeymgr.dylib
0x0000000003c3d000 	/usr/lib/system/liblaunch.dylib
0x0000000003c3d000 	/usr/lib/system/libmacho.dylib
0x0000000003c3d000 	/usr/lib/system/libquarantine.dylib
0x0000000003c3d000 	/usr/lib/system/libremovefile.dylib
0x0000000003c3d000 	/usr/lib/system/libsystem_asl.dylib
0x0000000003c3d000 	/usr/lib/system/libsystem_blocks.dylib
0x0000000003c3d000 	/usr/lib/system/libsystem_c.dylib
0x0000000003c3d000 	/usr/lib/system/libsystem_configuration.dylib
0x0000000003c3d000 	/usr/lib/system/libsystem_coreservices.dylib
0x0000000003c3d000 	/usr/lib/system/libsystem_coretls.dylib
0x0000000003c3d000 	/usr/lib/system/libsystem_dnssd.dylib
0x0000000003c3d000 	/usr/lib/system/libsystem_info.dylib
0x0000000003c3d000 	/usr/lib/system/libsystem_kernel.dylib
0x0000000003c3d000 	/usr/lib/system/libsystem_m.dylib
0x0000000003c3d000 	/usr/lib/system/libsystem_malloc.dylib
0x0000000003c3d000 	/usr/lib/system/libsystem_network.dylib
0x0000000003c3d000 	/usr/lib/system/libsystem_networkextension.dylib
0x0000000003c3d000 	/usr/lib/system/libsystem_notify.dylib
0x0000000003c3d000 	/usr/lib/system/libsystem_platform.dylib
0x0000000003c3d000 	/usr/lib/system/libsystem_pthread.dylib
0x0000000003c3d000 	/usr/lib/system/libsystem_sandbox.dylib
0x0000000003c3d000 	/usr/lib/system/libsystem_secinit.dylib
0x0000000003c3d000 	/usr/lib/system/libsystem_trace.dylib
0x0000000003c3d000 	/usr/lib/system/libunc.dylib
0x0000000003c3d000 	/usr/lib/system/libunwind.dylib
0x0000000003c3d000 	/usr/lib/system/libxpc.dylib
0x0000000003c3d000 	/usr/lib/libenergytrace.dylib
0x0000000003c3d000 	/usr/lib/libbsm.0.dylib
0x0000000003c3d000 	/usr/lib/system/libkxld.dylib
0x0000000003c3d000 	/usr/lib/libxar.1.dylib
0x0000000003c3d000 	/usr/lib/libsqlite3.dylib
0x0000000003c3d000 	/usr/lib/libpam.2.dylib
0x0000000003c3d000 	/usr/lib/libOpenScriptingUtil.dylib
0x0000000003c3d000 	/usr/lib/libbz2.1.0.dylib
0x0000000003c3d000 	/usr/lib/liblzma.5.dylib
0x0000000003c3d000 	/System/Library/Frameworks/CoreServices.framework/Versions/A/Frameworks/FSEvents.framework/Versions/A/FSEvents
0x0000000003c3d000 	/System/Library/Frameworks/CoreServices.framework/Versions/A/Frameworks/CarbonCore.framework/Versions/A/CarbonCore
0x0000000003c3d000 	/System/Library/Frameworks/CoreServices.framework/Versions/A/Frameworks/Metadata.framework/Versions/A/Metadata
0x0000000003c3d000 	/System/Library/Frameworks/CoreServices.framework/Versions/A/Frameworks/OSServices.framework/Versions/A/OSServices
0x0000000003c3d000 	/System/Library/Frameworks/CoreServices.framework/Versions/A/Frameworks/SearchKit.framework/Versions/A/SearchKit
0x0000000003c3d000 	/System/Library/Frameworks/CoreServices.framework/Versions/A/Frameworks/AE.framework/Versions/A/AE
0x0000000003c3d000 	/System/Library/Frameworks/CoreServices.framework/Versions/A/Frameworks/LaunchServices.framework/Versions/A/LaunchServices
0x0000000003c3d000 	/System/Library/Frameworks/CoreServices.framework/Versions/A/Frameworks/DictionaryServices.framework/Versions/A/DictionaryServices
0x0000000003c3d000 	/System/Library/Frameworks/CoreServices.framework/Versions/A/Frameworks/SharedFileList.framework/Versions/A/SharedFileList
0x0000000003c3d000 	/System/Library/Frameworks/NetFS.framework/Versions/A/NetFS
0x0000000003c3d000 	/System/Library/PrivateFrameworks/NetAuth.framework/Versions/A/NetAuth
0x0000000003c3d000 	/System/Library/PrivateFrameworks/login.framework/Versions/A/Frameworks/loginsupport.framework/Versions/A/loginsupport
0x0000000003c3d000 	/System/Library/PrivateFrameworks/TCC.framework/Versions/A/TCC
0x0000000003c3d000 	/usr/lib/libmecabra.dylib
0x0000000003c3d000 	/System/Library/Frameworks/ApplicationServices.framework/Versions/A/Frameworks/ATS.framework/Versions/A/ATS
0x0000000003c3d000 	/System/Library/Frameworks/ApplicationServices.framework/Versions/A/Frameworks/ColorSync.framework/Versions/A/ColorSync
0x0000000003c3d000 	/System/Library/Frameworks/ApplicationServices.framework/Versions/A/Frameworks/HIServices.framework/Versions/A/HIServices
0x0000000003c3d000 	/System/Library/Frameworks/ApplicationServices.framework/Versions/A/Frameworks/LangAnalysis.framework/Versions/A/LangAnalysis
0x0000000003c3d000 	/System/Library/Frameworks/ApplicationServices.framework/Versions/A/Frameworks/PrintCore.framework/Versions/A/PrintCore
0x0000000003c3d000 	/System/Library/Frameworks/ApplicationServices.framework/Versions/A/Frameworks/QD.framework/Versions/A/QD
0x0000000003c3d000 	/System/Library/Frameworks/ApplicationServices.framework/Versions/A/Frameworks/SpeechSynthesis.framework/Versions/A/SpeechSynthesis
0x0000000003c3d000 	/System/Library/Frameworks/Metal.framework/Versions/A/Metal
0x0000000003c3d000 	/System/Library/Frameworks/Accelerate.framework/Versions/A/Frameworks/vImage.framework/Versions/A/vImage
0x0000000003c3d000 	/System/Library/Frameworks/Accelerate.framework/Versions/A/Frameworks/vecLib.framework/Versions/A/vecLib
0x0000000003c3d000 	/System/Library/Frameworks/Accelerate.framework/Versions/A/Frameworks/vecLib.framework/Versions/A/libvDSP.dylib
0x0000000003c3d000 	/System/Library/Frameworks/Accelerate.framework/Versions/A/Frameworks/vecLib.framework/Versions/A/libvMisc.dylib
0x0000000003c3d000 	/System/Library/Frameworks/Accelerate.framework/Versions/A/Frameworks/vecLib.framework/Versions/A/libLAPACK.dylib
0x0000000003c3d000 	/System/Library/Frameworks/Accelerate.framework/Versions/A/Frameworks/vecLib.framework/Versions/A/libBLAS.dylib
0x0000000003c3d000 	/System/Library/Frameworks/Accelerate.framework/Versions/A/Frameworks/vecLib.framework/Versions/A/libLinearAlgebra.dylib
0x0000000003c3d000 	/System/Library/Frameworks/Accelerate.framework/Versions/A/Frameworks/vecLib.framework/Versions/A/libSparseBLAS.dylib
0x0000000003c3d000 	/System/Library/PrivateFrameworks/GPUCompiler.framework/libmetal_timestamp.dylib
0x0000000003c3d000 	/System/Library/Frameworks/OpenGL.framework/Versions/A/Libraries/libCoreFSCache.dylib
0x0000000003c3d000 	/System/Library/PrivateFrameworks/IOAccelerator.framework/Versions/A/IOAccelerator
0x0000000003c3d000 	/System/Library/Frameworks/ApplicationServices.framework/Versions/A/Frameworks/ATS.framework/Versions/A/Resources/libFontParser.dylib
0x0000000003c3d000 	/System/Library/Frameworks/ApplicationServices.framework/Versions/A/Frameworks/ATS.framework/Versions/A/Resources/libFontRegistry.dylib
0x0000000003c3d000 	/System/Library/PrivateFrameworks/AppleVPA.framework/Versions/A/AppleVPA
0x0000000003c3d000 	/System/Library/PrivateFrameworks/AppleJPEG.framework/Versions/A/AppleJPEG
0x0000000003c3d000 	/System/Library/Frameworks/ImageIO.framework/Versions/A/Resources/libJPEG.dylib
0x0000000003c3d000 	/System/Library/Frameworks/ImageIO.framework/Versions/A/Resources/libTIFF.dylib
0x0000000003c3d000 	/System/Library/Frameworks/ImageIO.framework/Versions/A/Resources/libPng.dylib
0x0000000003c3d000 	/System/Library/Frameworks/ImageIO.framework/Versions/A/Resources/libGIF.dylib
0x0000000003c3d000 	/System/Library/Frameworks/ImageIO.framework/Versions/A/Resources/libJP2.dylib
0x0000000003c3d000 	/System/Library/Frameworks/ImageIO.framework/Versions/A/Resources/libRadiance.dylib
0x0000000003c3d000 	/System/Library/Frameworks/CoreVideo.framework/Versions/A/CoreVideo
0x0000000003c3d000 	/System/Library/Frameworks/OpenGL.framework/Versions/A/Libraries/libGLU.dylib
0x0000000003c3d000 	/System/Library/Frameworks/OpenGL.framework/Versions/A/Libraries/libGFXShared.dylib
0x0000000003c3d000 	/System/Library/Frameworks/OpenGL.framework/Versions/A/Libraries/libGL.dylib
0x0000000003c3d000 	/System/Library/Frameworks/OpenGL.framework/Versions/A/Libraries/libGLImage.dylib
0x0000000003c3d000 	/System/Library/Frameworks/OpenGL.framework/Versions/A/Libraries/libCVMSPluginSupport.dylib
0x0000000003c3d000 	/System/Library/Frameworks/OpenGL.framework/Versions/A/Libraries/libCoreVMClient.dylib
0x0000000003c3d000 	/usr/lib/libcompression.dylib
0x0000000003c3d000 	/usr/lib/libcups.2.dylib
0x0000000003c3d000 	/System/Library/Frameworks/Kerberos.framework/Versions/A/Kerberos
0x0000000003c3d000 	/System/Library/Frameworks/GSS.framework/Versions/A/GSS
0x0000000003c3d000 	/usr/lib/libresolv.9.dylib
0x0000000003c3d000 	/usr/lib/libiconv.2.dylib
0x0000000003c3d000 	/System/Library/PrivateFrameworks/Heimdal.framework/Versions/A/Heimdal
0x0000000003c3d000 	/usr/lib/libheimdal-asn1.dylib
0x0000000003c3d000 	/System/Library/Frameworks/OpenDirectory.framework/Versions/A/OpenDirectory
0x0000000003c3d000 	/System/Library/PrivateFrameworks/CommonAuth.framework/Versions/A/CommonAuth
0x0000000003c3d000 	/System/Library/Frameworks/OpenDirectory.framework/Versions/A/Frameworks/CFOpenDirectory.framework/Versions/A/CFOpenDirectory
0x0000000003c3d000 	/System/Library/Frameworks/SecurityFoundation.framework/Versions/A/SecurityFoundation
0x0000000003c3d000 	/System/Library/PrivateFrameworks/LanguageModeling.framework/Versions/A/LanguageModeling
0x0000000003c3d000 	/usr/lib/libmarisa.dylib
0x0000000003c3d000 	/usr/lib/libChineseTokenizer.dylib
0x0000000003c3d000 	/usr/lib/libcmph.dylib
0x0000000003c3d000 	/System/Library/Frameworks/ServiceManagement.framework/Versions/A/ServiceManagement
0x0000000003c3d000 	/usr/lib/libxslt.1.dylib
0x0000000003c3d000 	/System/Library/Frameworks/Carbon.framework/Versions/A/Frameworks/Ink.framework/Versions/A/Ink
0x0000000003c3d000 	/usr/lib/libFosl_dynamic.dylib
0x0000000003c3d000 	/System/Library/PrivateFrameworks/FaceCore.framework/Versions/A/FaceCore
0x0000000003c3d000 	/System/Library/Frameworks/OpenCL.framework/Versions/A/OpenCL
0x0000000003c3d000 	/System/Library/PrivateFrameworks/CrashReporterSupport.framework/Versions/A/CrashReporterSupport
0x0000000003c3d000 	/System/Library/PrivateFrameworks/IconServices.framework/Versions/A/IconServices
0x0000000003c3d000 	/System/Library/PrivateFrameworks/Apple80211.framework/Versions/A/Apple80211
0x0000000003c3d000 	/System/Library/Frameworks/CoreWLAN.framework/Versions/A/CoreWLAN
0x0000000003c3d000 	/System/Library/Frameworks/IOBluetooth.framework/Versions/A/IOBluetooth
0x0000000003c3d000 	/System/Library/PrivateFrameworks/CoreWiFi.framework/Versions/A/CoreWiFi
0x0000000003c3d000 	/System/Library/Frameworks/CoreBluetooth.framework/Versions/A/CoreBluetooth
0x0000000003c3d000 	/System/Library/PrivateFrameworks/ChunkingLibrary.framework/Versions/A/ChunkingLibrary
0x0000000003c3d000 	/System/Library/PrivateFrameworks/DebugSymbols.framework/Versions/A/DebugSymbols
0x0000000003c3d000 	/System/Library/PrivateFrameworks/CoreSymbolication.framework/Versions/A/CoreSymbolication
0x0000000003c3d000 	/System/Library/PrivateFrameworks/Symbolication.framework/Versions/A/Symbolication
0x0000000003c3d000 	/System/Library/PrivateFrameworks/SpeechRecognitionCore.framework/Versions/A/SpeechRecognitionCore
0x000000010fab6000 	/Library/Java/JavaVirtualMachines/jdk1.8.0_77.jdk/Contents/Home/jre/lib/server/libjvm.dylib
0x0000000003c3d000 	/usr/lib/libstdc++.6.dylib
0x0000000110a49000 	/Library/Java/JavaVirtualMachines/jdk1.8.0_77.jdk/Contents/Home/jre/lib/libverify.dylib
0x0000000110a57000 	/Library/Java/JavaVirtualMachines/jdk1.8.0_77.jdk/Contents/Home/jre/lib/libjava.dylib
0x0000000110a8d000 	/Library/Java/JavaVirtualMachines/jdk1.8.0_77.jdk/Contents/Home/jre/lib/libjdwp.dylib
0x0000000110ad8000 	/Library/Java/JavaVirtualMachines/jdk1.8.0_77.jdk/Contents/Home/jre/lib/libnpt.dylib
0x0000000110ae5000 	/Library/Java/JavaVirtualMachines/jdk1.8.0_77.jdk/Contents/Home/jre/lib/libzip.dylib
0x0000000126c66000 	/System/Library/Frameworks/JavaVM.framework/Frameworks/JavaRuntimeSupport.framework/JavaRuntimeSupport
0x0000000110beb000 	/System/Library/Frameworks/JavaVM.framework/Versions/A/Frameworks/JavaNativeFoundation.framework/Versions/A/JavaNativeFoundation
0x0000000126c81000 	/System/Library/Frameworks/JavaVM.framework/Versions/A/JavaVM
0x0000000003c3d000 	/System/Library/Frameworks/Carbon.framework/Versions/A/Carbon
0x0000000126c8e000 	/System/Library/PrivateFrameworks/JavaLaunching.framework/Versions/A/JavaLaunching
0x0000000003c3d000 	/System/Library/Frameworks/Carbon.framework/Versions/A/Frameworks/CommonPanels.framework/Versions/A/CommonPanels
0x0000000003c3d000 	/System/Library/Frameworks/Carbon.framework/Versions/A/Frameworks/Help.framework/Versions/A/Help
0x0000000003c3d000 	/System/Library/Frameworks/Carbon.framework/Versions/A/Frameworks/ImageCapture.framework/Versions/A/ImageCapture
0x0000000003c3d000 	/System/Library/Frameworks/Carbon.framework/Versions/A/Frameworks/OpenScripting.framework/Versions/A/OpenScripting
0x0000000003c3d000 	/System/Library/Frameworks/Carbon.framework/Versions/A/Frameworks/Print.framework/Versions/A/Print
0x0000000003c3d000 	/System/Library/Frameworks/Carbon.framework/Versions/A/Frameworks/SecurityHI.framework/Versions/A/SecurityHI
0x00000001285b1000 	/Library/Java/JavaVirtualMachines/jdk1.8.0_77.jdk/Contents/Home/jre/lib/libdt_socket.dylib

VM Arguments:
jvm_args: -agentlib:jdwp=transport=dt_socket,address=127.0.0.1:50087,suspend=y,server=n -Dfile.encoding=UTF-8 
java_command: XQuery
java_class_path (initial): /Library/Java/JavaVirtualMachines/jdk1.8.0_77.jdk/Contents/Home/jre/lib/charsets.jar:/Library/Java/JavaVirtualMachines/jdk1.8.0_77.jdk/Contents/Home/jre/lib/deploy.jar:/Library/Java/JavaVirtualMachines/jdk1.8.0_77.jdk/Contents/Home/jre/lib/ext/cldrdata.jar:/Library/Java/JavaVirtualMachines/jdk1.8.0_77.jdk/Contents/Home/jre/lib/ext/dnsns.jar:/Library/Java/JavaVirtualMachines/jdk1.8.0_77.jdk/Contents/Home/jre/lib/ext/jaccess.jar:/Library/Java/JavaVirtualMachines/jdk1.8.0_77.jdk/Contents/Home/jre/lib/ext/jfxrt.jar:/Library/Java/JavaVirtualMachines/jdk1.8.0_77.jdk/Contents/Home/jre/lib/ext/localedata.jar:/Library/Java/JavaVirtualMachines/jdk1.8.0_77.jdk/Contents/Home/jre/lib/ext/nashorn.jar:/Library/Java/JavaVirtualMachines/jdk1.8.0_77.jdk/Contents/Home/jre/lib/ext/sunec.jar:/Library/Java/JavaVirtualMachines/jdk1.8.0_77.jdk/Contents/Home/jre/lib/ext/sunjce_provider.jar:/Library/Java/JavaVirtualMachines/jdk1.8.0_77.jdk/Contents/Home/jre/lib/ext/sunpkcs11.jar:/Library/Java/JavaVirtualMachines/jdk1.8.0_77.jdk/Contents/Home/jre/lib/ext/zipfs.jar:/Library/Java/JavaVirtualMachines/jdk1.8.0_77.jdk/Contents/Home/jre/lib/javaws.jar:/Library/Java/JavaVirtualMachines/jdk1.8.0_77.jdk/Contents/Home/jre/lib/jce.jar:/Library/Java/JavaVirtualMachines/jdk1.8.0_77.jdk/Contents/Home/jre/lib/jfr.jar:/Library/Java/JavaVirtualMachines/jdk1.8.0_77.jdk/Contents/Home/jre/lib/jfxswt.jar:/Library/Java/JavaVirtualMachines/jdk1.8.0_77.jdk/Contents/Home/jre/lib/jsse.jar:/Library/Java/JavaVirtualMachines/jdk1.8.0_77.jdk/Contents/Home/jre/lib/management-agent.jar:/Library/Java/JavaVirtualMachines/jdk1.8.0_77.jdk/Contents/Home/jre/lib/plugin.jar:/Library/Java/JavaVirtualMachines/jdk1.8.0_77.jdk/Contents/Home/jre/lib/resources.jar:/Library/Java/JavaVirtualMachines/jdk1.8.0_77.jdk/Contents/Home/jre/lib/rt.jar:/Library/Java/JavaVirtualMachines/jdk1.8.0_77.jdk/Contents/Home/lib/ant-javafx.jar:/Library/Java/JavaVirtualMachines/jdk1.8.0_77.jdk/Contents/Home/lib/dt.jar:/Library/Ja
Launcher Type: SUN_STANDARD

Environment Variables:
CLASSPATH=.:/usr/local/lib/antlr-4.5.3-complete.jar:
PATH=/Users/onion/anaconda/bin:/usr/local/bin:/usr/bin:/bin:/usr/sbin:/sbin:/Library/TeX/texbin
SHELL=/bin/bash

Signal Handlers:
SIGSEGV: [libjvm.dylib+0x5a6855], sa_mask[0]=11111111011111110111111111111111, sa_flags=SA_ONSTACK|SA_RESTART|SA_SIGINFO
SIGBUS: [libjvm.dylib+0x5a6855], sa_mask[0]=11111111011111110111111111111111, sa_flags=SA_RESTART|SA_SIGINFO
SIGFPE: [libjvm.dylib+0x4804ec], sa_mask[0]=11111111011111110111111111111111, sa_flags=SA_RESTART|SA_SIGINFO
SIGPIPE: [libjvm.dylib+0x4804ec], sa_mask[0]=11111111011111110111111111111111, sa_flags=SA_RESTART|SA_SIGINFO
SIGXFSZ: [libjvm.dylib+0x4804ec], sa_mask[0]=11111111011111110111111111111111, sa_flags=SA_RESTART|SA_SIGINFO
SIGILL: [libjvm.dylib+0x4804ec], sa_mask[0]=11111111011111110111111111111111, sa_flags=SA_RESTART|SA_SIGINFO
SIGUSR1: SIG_DFL, sa_mask[0]=00000000000000000000000000000000, sa_flags=none
SIGUSR2: [libjvm.dylib+0x48000a], sa_mask[0]=00100000000000000000000000000000, sa_flags=SA_RESTART|SA_SIGINFO
SIGHUP: [libjvm.dylib+0x47e5e1], sa_mask[0]=11111111011111110111111111111111, sa_flags=SA_RESTART|SA_SIGINFO
SIGINT: [libjvm.dylib+0x47e5e1], sa_mask[0]=11111111011111110111111111111111, sa_flags=SA_RESTART|SA_SIGINFO
SIGTERM: [libjvm.dylib+0x47e5e1], sa_mask[0]=11111111011111110111111111111111, sa_flags=SA_RESTART|SA_SIGINFO
SIGQUIT: [libjvm.dylib+0x47e5e1], sa_mask[0]=11111111011111110111111111111111, sa_flags=SA_RESTART|SA_SIGINFO


---------------  S Y S T E M  ---------------

OS:Bsduname:Darwin 15.6.0 Darwin Kernel Version 15.6.0: Wed Nov  2 20:30:56 PDT 2016; root:xnu-3248.60.11.1.2~2/RELEASE_X86_64 x86_64
rlimit: STACK 8192k, CORE 0k, NPROC 709, NOFILE 10240, AS infinity
load average:5.81 6.03 5.87

CPU:total 4 (2 cores per cpu, 2 threads per core) family 6 model 61 stepping 4, cmov, cx8, fxsr, mmx, sse, sse2, sse3, ssse3, sse4.1, sse4.2, popcnt, avx, avx2, aes, clmul, erms, 3dnowpref, lzcnt, ht, tsc, tscinvbit, bmi1, bmi2, adx

Memory: 4k page, physical 8388608k(854288k free)

/proc/meminfo:


vm_info: Java HotSpot(TM) 64-Bit Server VM (25.77-b03) for bsd-amd64 JRE (1.8.0_77-b03), built on Mar 20 2016 22:14:03 by "java_re" with gcc 4.2.1 (Based on Apple Inc. build 5658) (LLVM build 2336.11.00)

time: Tue Feb 21 23:42:44 2017
elapsed time: 1332 seconds (0d 0h 22m 12s)

